[I 2022-05-07 19:49:34,636] Trial 255 finished with value: 0.9417889599680155 and parameters: {'eps': 0.8891929795710712}. Best is trial 245 with value: 0.9566421831967294.
[I 2022-05-07 19:49:38,584] Trial 257 finished with value: 0.9398030152428629 and parameters: {'eps': 0.8561717563809408}. Best is trial 245 with value: 0.9566421831967294.
[I 2022-05-07 19:49:39,868] Trial 258 finished with value: 0.9405829443571285 and parameters: {'eps': 0.8804533717165866}. Best is trial 245 with value: 0.9566421831967294.
[I 2022-05-07 19:49:46,131] Trial 259 finished with value: 0.0 and parameters: {'eps': 15.993642353619894}. Best is trial 245 with value: 0.9566421831967294.
[I 2022-05-07 19:51:37,274] Trial 260 finished with value: 0.0 and parameters: {'eps': 15.696068174193442}. Best is trial 245 with value: 0.9566421831967294.
[I 2022-05-07 19:51:47,341] Trial 262 finished with value: 0.9130105134178013 and parameters: {'eps': 0.7799852753817758}. Best is trial 245 with value: 0.9566421831967294.
[I 2022-05-07 19:52:05,187] Trial 261 finished with value: 0.13343710037120504 and parameters: {'eps': 1.971853305597865}. Best is trial 245 with value: 0.9566421831967294.
[I 2022-05-07 19:52:07,326] Trial 263 finished with value: 0.9302705244847367 and parameters: {'eps': 0.8123884223344466}. Best is trial 245 with value: 0.9566421831967294.
[I 2022-05-07 19:52:40,759] Trial 264 finished with value: 0.13582361972052753 and parameters: {'eps': 1.9854942198753487}. Best is trial 245 with value: 0.9566421831967294.
[I 2022-05-07 19:52:49,614] Trial 265 finished with value: 0.10028772125924038 and parameters: {'eps': 2.0266064445783742}. Best is trial 245 with value: 0.9566421831967294.
[I 2022-05-07 19:53:31,924] Trial 267 finished with value: 0.13701845900905743 and parameters: {'eps': 1.9510892119293233}. Best is trial 245 with value: 0.9566421831967294.
[I 2022-05-07 19:53:43,600] Trial 266 finished with value: 0.23114789696235635 and parameters: {'eps': 1.8714941538239476}. Best is trial 245 with value: 0.9566421831967294.
[I 2022-05-07 19:54:26,917] Trial 271 finished with value: 0.0 and parameters: {'eps': 15.827549838413013}. Best is trial 245 with value: 0.9566421831967294.
[I 2022-05-07 19:54:43,496] Trial 268 finished with value: 0.12195111149616183 and parameters: {'eps': 1.9388706852611903}. Best is trial 245 with value: 0.9566421831967294.
[I 2022-05-07 19:54:48,371] Trial 269 finished with value: 0.14925206016059034 and parameters: {'eps': 1.922520667491129}. Best is trial 245 with value: 0.9566421831967294.
[I 2022-05-07 19:54:56,054] Trial 270 finished with value: 0.23758704720052223 and parameters: {'eps': 1.8456038299046793}. Best is trial 245 with value: 0.9566421831967294.
[I 2022-05-07 19:55:09,675] Trial 275 finished with value: 0.11994661656737474 and parameters: {'eps': 2.0011493319771074}. Best is trial 245 with value: 0.9566421831967294.
[I 2022-05-07 19:55:17,923] Trial 273 finished with value: 0.12460516822781174 and parameters: {'eps': 1.9710615966033829}. Best is trial 245 with value: 0.9566421831967294.
[I 2022-05-07 19:55:19,587] Trial 272 finished with value: 0.22617801879734928 and parameters: {'eps': 1.8927330433721137}. Best is trial 245 with value: 0.9566421831967294.
[I 2022-05-07 19:55:23,589] Trial 274 finished with value: 0.6633641074335188 and parameters: {'eps': 1.678854676012931}. Best is trial 245 with value: 0.9566421831967294.
[I 2022-05-07 19:56:52,549] Trial 276 finished with value: 0.05689418294443117 and parameters: {'eps': 2.076278982921699}. Best is trial 245 with value: 0.9566421831967294.
[I 2022-05-07 19:56:56,174] Trial 277 finished with value: 0.7946595323702473 and parameters: {'eps': 1.5907283817304054}. Best is trial 245 with value: 0.9566421831967294.
[I 2022-05-07 19:57:09,452] Trial 278 finished with value: 0.12777157252635538 and parameters: {'eps': 1.9446779669865764}. Best is trial 245 with value: 0.9566421831967294.
[I 2022-05-07 19:57:20,300] Trial 279 finished with value: 0.5500212250555842 and parameters: {'eps': 1.746980179541143}. Best is trial 245 with value: 0.9566421831967294.
[I 2022-05-07 19:57:50,525] Trial 280 finished with value: 0.3803124616255632 and parameters: {'eps': 1.8126888967070873}. Best is trial 245 with value: 0.9566421831967294.
[I 2022-05-07 19:58:00,006] Trial 281 finished with value: 0.7936934593352721 and parameters: {'eps': 1.5690125492542693}. Best is trial 245 with value: 0.9566421831967294.
[I 2022-05-07 19:58:37,213] Trial 282 finished with value: 0.7935123976060376 and parameters: {'eps': 1.6063997778767645}. Best is trial 245 with value: 0.9566421831967294.
[I 2022-05-07 19:59:03,951] Trial 283 finished with value: 0.7957014741289263 and parameters: {'eps': 1.4701198948200807}. Best is trial 245 with value: 0.9566421831967294.
[I 2022-05-07 19:59:39,842] Trial 284 finished with value: 0.7951383004380764 and parameters: {'eps': 1.4893173476562604}. Best is trial 245 with value: 0.9566421831967294.
[I 2022-05-07 19:59:50,540] Trial 286 finished with value: 0.7956475332439655 and parameters: {'eps': 1.4550589989553715}. Best is trial 245 with value: 0.9566421831967294.
[I 2022-05-07 19:59:55,769] Trial 285 finished with value: 0.7935080445385931 and parameters: {'eps': 1.5863790165478036}. Best is trial 245 with value: 0.9566421831967294.
[I 2022-05-07 20:00:10,401] Trial 287 finished with value: 0.7940660932475534 and parameters: {'eps': 1.5936198420928434}. Best is trial 245 with value: 0.9566421831967294.
[I 2022-05-07 20:00:18,919] Trial 288 finished with value: 0.793078498483908 and parameters: {'eps': 1.562992948351396}. Best is trial 245 with value: 0.9566421831967294.
[I 2022-05-07 20:00:43,342] Trial 289 finished with value: 0.7946341739967129 and parameters: {'eps': 1.5286491746782578}. Best is trial 245 with value: 0.9566421831967294.
[I 2022-05-07 20:00:48,821] Trial 291 finished with value: 0.7943730455862428 and parameters: {'eps': 1.4960721075537986}. Best is trial 245 with value: 0.9566421831967294.
[I 2022-05-07 20:00:49,744] Trial 290 finished with value: 0.795922586907591 and parameters: {'eps': 1.437177861163835}. Best is trial 245 with value: 0.9566421831967294.
[I 2022-05-07 20:01:24,641] Trial 293 finished with value: 0.3184965289515727 and parameters: {'eps': 0.5425063571737466}. Best is trial 245 with value: 0.9566421831967294.
[I 2022-05-07 20:01:46,566] Trial 294 finished with value: 0.24051286413051112 and parameters: {'eps': 0.451623240703094}. Best is trial 245 with value: 0.9566421831967294.
[I 2022-05-07 20:02:15,006] Trial 295 finished with value: 0.35442532172324315 and parameters: {'eps': 0.5668617676203551}. Best is trial 245 with value: 0.9566421831967294.
[I 2022-05-07 20:02:40,457] Trial 297 finished with value: 0.2976606356609857 and parameters: {'eps': 0.5203570253519516}. Best is trial 245 with value: 0.9566421831967294.
[I 2022-05-07 20:02:50,527] Trial 296 finished with value: 0.3005614205920129 and parameters: {'eps': 0.5275883924481519}. Best is trial 245 with value: 0.9566421831967294.
[I 2022-05-07 20:02:56,132] Trial 292 finished with value: 0.794980933304767 and parameters: {'eps': 1.487319540058138}. Best is trial 245 with value: 0.9566421831967294.
[I 2022-05-07 20:03:25,041] Trial 298 finished with value: 0.2793497743981679 and parameters: {'eps': 0.48985523523987573}. Best is trial 245 with value: 0.9566421831967294.
[I 2022-05-07 20:04:32,134] Trial 299 finished with value: 0.2502091534829152 and parameters: {'eps': 0.4557034321728649}. Best is trial 245 with value: 0.9566421831967294.
[I 2022-05-07 20:04:52,851] Trial 301 finished with value: 0.2706100123018588 and parameters: {'eps': 0.4737370716180588}. Best is trial 245 with value: 0.9566421831967294.
[I 2022-05-07 20:05:11,998] Trial 300 finished with value: 0.2915918111958105 and parameters: {'eps': 0.5086443987399487}. Best is trial 245 with value: 0.9566421831967294.
[I 2022-05-07 20:05:33,498] Trial 304 finished with value: 0.2969719851786246 and parameters: {'eps': 0.5203595884717971}. Best is trial 245 with value: 0.9566421831967294.
[I 2022-05-07 20:05:36,712] Trial 302 finished with value: 0.0 and parameters: {'eps': 17.984918235795064}. Best is trial 245 with value: 0.9566421831967294.
[I 2022-05-07 20:05:43,344] Trial 303 finished with value: 0.3010869600726565 and parameters: {'eps': 0.5291660407189462}. Best is trial 245 with value: 0.9566421831967294.
[I 2022-05-07 20:06:24,450] Trial 305 finished with value: 0.231929513271433 and parameters: {'eps': 0.4401059544495447}. Best is trial 245 with value: 0.9566421831967294.
[I 2022-05-07 20:06:25,555] Trial 306 finished with value: 0.30004214897870396 and parameters: {'eps': 0.5282813513089767}. Best is trial 245 with value: 0.9566421831967294.
[I 2022-05-07 20:06:33,181] Trial 308 finished with value: 0.28190499937596486 and parameters: {'eps': 0.48979919225412605}. Best is trial 245 with value: 0.9566421831967294.
[I 2022-05-07 20:06:50,486] Trial 307 finished with value: 0.0 and parameters: {'eps': 17.994427786502534}. Best is trial 245 with value: 0.9566421831967294.
[I 2022-05-07 20:06:52,683] Trial 309 finished with value: 0.26353892700300957 and parameters: {'eps': 0.4711016899652869}. Best is trial 245 with value: 0.9566421831967294.
[I 2022-05-07 20:07:25,784] Trial 310 finished with value: 0.06671603493260504 and parameters: {'eps': 0.25014473380157976}. Best is trial 245 with value: 0.9566421831967294.
[I 2022-05-07 20:07:30,993] Trial 311 finished with value: 0.08053358780992098 and parameters: {'eps': 0.32083652054129275}. Best is trial 245 with value: 0.9566421831967294.
[I 2022-05-07 20:07:59,187] Trial 312 finished with value: 0.06454705749496449 and parameters: {'eps': 0.242549989785257}. Best is trial 245 with value: 0.9566421831967294.
[I 2022-05-07 20:08:23,226] Trial 313 finished with value: 0.06802744830204718 and parameters: {'eps': 0.25530513449332026}. Best is trial 245 with value: 0.9566421831967294.
[I 2022-05-07 20:09:03,858] Trial 314 finished with value: 0.9148278899664605 and parameters: {'eps': 1.1271306123879106}. Best is trial 245 with value: 0.9566421831967294.
[I 2022-05-07 20:09:31,264] Trial 315 finished with value: 0.07306343748536094 and parameters: {'eps': 0.2666404219359271}. Best is trial 245 with value: 0.9566421831967294.
[I 2022-05-07 20:10:27,373] Trial 316 finished with value: 0.9231542382801525 and parameters: {'eps': 1.1004941015285887}. Best is trial 245 with value: 0.9566421831967294.
[I 2022-05-07 20:11:00,844] Trial 317 finished with value: 0.873801959326191 and parameters: {'eps': 1.2145663659473644}. Best is trial 245 with value: 0.9566421831967294.
[I 2022-05-07 20:11:01,842] Trial 318 finished with value: 0.9216683393723738 and parameters: {'eps': 1.094647450534945}. Best is trial 245 with value: 0.9566421831967294.
[I 2022-05-07 20:11:18,468] Trial 319 finished with value: 0.9291466674660275 and parameters: {'eps': 1.1161938077247846}. Best is trial 245 with value: 0.9566421831967294.
[I 2022-05-07 20:11:28,982] Trial 320 finished with value: 0.877610036010248 and parameters: {'eps': 1.1765159275475832}. Best is trial 245 with value: 0.9566421831967294.
[I 2022-05-07 20:11:52,093] Trial 321 finished with value: 0.0 and parameters: {'eps': 11.219242853528668}. Best is trial 245 with value: 0.9566421831967294.
[I 2022-05-07 20:12:05,796] Trial 323 finished with value: 0.9205694975323674 and parameters: {'eps': 1.0893240584030028}. Best is trial 245 with value: 0.9566421831967294.
[I 2022-05-07 20:12:22,340] Trial 322 finished with value: 0.9445238780015112 and parameters: {'eps': 1.0875235098932141}. Best is trial 245 with value: 0.9566421831967294.
[I 2022-05-07 20:12:34,866] Trial 325 finished with value: 0.9214286124583411 and parameters: {'eps': 1.0931206199654822}. Best is trial 245 with value: 0.9566421831967294.
[I 2022-05-07 20:12:49,578] Trial 324 finished with value: 0.9559344925210383 and parameters: {'eps': 1.0515708135835427}. Best is trial 245 with value: 0.9566421831967294.
[I 2022-05-07 20:13:08,761] Trial 327 finished with value: 0.880182911481667 and parameters: {'eps': 1.1629734197265096}. Best is trial 245 with value: 0.9566421831967294.
[I 2022-05-07 20:13:17,036] Trial 326 finished with value: 0.892982577250073 and parameters: {'eps': 1.147086344045505}. Best is trial 245 with value: 0.9566421831967294.
[I 2022-05-07 20:13:54,659] Trial 328 finished with value: 0.8740341474741932 and parameters: {'eps': 1.2022654721519044}. Best is trial 245 with value: 0.9566421831967294.
[I 2022-05-07 20:14:16,248] Trial 330 finished with value: 0.0 and parameters: {'eps': 11.60157386172755}. Best is trial 245 with value: 0.9566421831967294.
[I 2022-05-07 20:14:35,436] Trial 329 finished with value: 0.9037684000503918 and parameters: {'eps': 1.1393336785491663}. Best is trial 245 with value: 0.9566421831967294.
[I 2022-05-07 20:15:33,339] Trial 331 finished with value: 0.9564874059069726 and parameters: {'eps': 1.070791062145801}. Best is trial 245 with value: 0.9566421831967294.
[I 2022-05-07 20:16:08,389] Trial 332 finished with value: 0.8785942458492706 and parameters: {'eps': 1.182503819028737}. Best is trial 245 with value: 0.9566421831967294.
[I 2022-05-07 20:16:31,684] Trial 335 finished with value: 0.0 and parameters: {'eps': 9.4526552066889}. Best is trial 245 with value: 0.9566421831967294.
[I 2022-05-07 20:16:42,569] Trial 334 finished with value: 0.956711571032606 and parameters: {'eps': 1.072841105297943}. Best is trial 334 with value: 0.956711571032606.
[I 2022-05-07 20:16:49,542] Trial 333 finished with value: 0.9558364410079447 and parameters: {'eps': 1.0696887592650246}. Best is trial 334 with value: 0.956711571032606.
[I 2022-05-07 20:17:08,665] Trial 336 finished with value: 0.9518480828043322 and parameters: {'eps': 0.9578988321694021}. Best is trial 334 with value: 0.956711571032606.
[I 2022-05-07 20:17:19,328] Trial 338 finished with value: 0.9350411431494327 and parameters: {'eps': 0.823317841889928}. Best is trial 334 with value: 0.956711571032606.
[I 2022-05-07 20:17:35,401] Trial 337 finished with value: 0.944395649672356 and parameters: {'eps': 0.8987831171984123}. Best is trial 334 with value: 0.956711571032606.
[I 2022-05-07 20:17:45,071] Trial 340 finished with value: 0.016893751507061617 and parameters: {'eps': 2.36125264333748}. Best is trial 334 with value: 0.956711571032606.
[I 2022-05-07 20:17:58,039] Trial 339 finished with value: 0.9395057768240298 and parameters: {'eps': 0.8713121071200666}. Best is trial 334 with value: 0.956711571032606.
[I 2022-05-07 20:18:08,935] Trial 342 finished with value: 0.9123817930841064 and parameters: {'eps': 0.7808269344432534}. Best is trial 334 with value: 0.956711571032606.
[I 2022-05-07 20:18:15,854] Trial 341 finished with value: 0.8849743335063281 and parameters: {'eps': 0.7521142882134644}. Best is trial 334 with value: 0.956711571032606.
[I 2022-05-07 20:18:27,004] Trial 343 finished with value: 0.9356940004366074 and parameters: {'eps': 0.8282718462465177}. Best is trial 334 with value: 0.956711571032606.
[I 2022-05-07 20:19:03,295] Trial 344 finished with value: 0.8966239805802192 and parameters: {'eps': 0.7597153723163113}. Best is trial 334 with value: 0.956711571032606.
[I 2022-05-07 20:19:09,439] Trial 345 finished with value: 0.9042071316227697 and parameters: {'eps': 0.768247880541556}. Best is trial 334 with value: 0.956711571032606.
[I 2022-05-07 20:19:53,970] Trial 346 finished with value: 0.018889072309092186 and parameters: {'eps': 2.3392794094114056}. Best is trial 334 with value: 0.956711571032606.
[I 2022-05-07 20:20:50,477] Trial 347 finished with value: 0.9366191397243413 and parameters: {'eps': 0.8493192831170455}. Best is trial 334 with value: 0.956711571032606.
[I 2022-05-07 20:21:03,512] Trial 348 finished with value: 0.9151399352971613 and parameters: {'eps': 0.7824981490161917}. Best is trial 334 with value: 0.956711571032606.
[I 2022-05-07 20:21:38,455] Trial 349 finished with value: 0.011178145600201424 and parameters: {'eps': 2.44681802875267}. Best is trial 334 with value: 0.956711571032606.
[I 2022-05-07 20:21:39,408] Trial 350 finished with value: 0.9256598404159121 and parameters: {'eps': 0.8005549973968629}. Best is trial 334 with value: 0.956711571032606.
[I 2022-05-07 20:21:48,627] Trial 351 finished with value: 0.03768000364817166 and parameters: {'eps': 2.277634611609308}. Best is trial 334 with value: 0.956711571032606.
[I 2022-05-07 20:22:11,944] Trial 352 finished with value: 0.023737027359098103 and parameters: {'eps': 2.3166222701548085}. Best is trial 334 with value: 0.956711571032606.
[I 2022-05-07 20:22:17,295] Trial 353 finished with value: 0.9393053392361199 and parameters: {'eps': 0.85834440385889}. Best is trial 334 with value: 0.956711571032606.
[I 2022-05-07 20:22:27,490] Trial 355 finished with value: 0.8155027849520912 and parameters: {'eps': 0.6984507544488452}. Best is trial 334 with value: 0.956711571032606.
[I 2022-05-07 20:22:30,281] Trial 356 finished with value: 0.0 and parameters: {'eps': 0.018103623572098493}. Best is trial 334 with value: 0.956711571032606.
[I 2022-05-07 20:22:58,334] Trial 359 finished with value: 0.0 and parameters: {'eps': 0.01646099557663505}. Best is trial 334 with value: 0.956711571032606.
[I 2022-05-07 20:23:10,924] Trial 354 finished with value: 0.8106184327182043 and parameters: {'eps': 1.4073356561426547}. Best is trial 334 with value: 0.956711571032606.
[I 2022-05-07 20:23:27,304] Trial 357 finished with value: 0.8097551130906456 and parameters: {'eps': 1.4081515591931582}. Best is trial 334 with value: 0.956711571032606.
[I 2022-05-07 20:23:53,733] Trial 358 finished with value: 0.7955450277137185 and parameters: {'eps': 1.4560970003191043}. Best is trial 334 with value: 0.956711571032606.
[I 2022-05-07 20:24:31,063] Trial 361 finished with value: 0.8031948341690994 and parameters: {'eps': 1.4083340579140016}. Best is trial 334 with value: 0.956711571032606.
[I 2022-05-07 20:24:35,141] Trial 360 finished with value: 0.795805926272602 and parameters: {'eps': 1.4419725474332226}. Best is trial 334 with value: 0.956711571032606.
[I 2022-05-07 20:24:46,170] Trial 362 finished with value: 0.0 and parameters: {'eps': 0.031424062068413194}. Best is trial 334 with value: 0.956711571032606.
[I 2022-05-07 20:26:00,653] Trial 366 finished with value: 0.0 and parameters: {'eps': 0.01969143080646818}. Best is trial 334 with value: 0.956711571032606.
[I 2022-05-07 20:26:07,038] Trial 365 finished with value: 0.0 and parameters: {'eps': 0.030275048386771086}. Best is trial 334 with value: 0.956711571032606.
[I 2022-05-07 20:26:26,892] Trial 364 finished with value: 0.794449183523358 and parameters: {'eps': 1.4913776649167554}. Best is trial 334 with value: 0.956711571032606.
[I 2022-05-07 20:26:26,924] Trial 367 finished with value: 4.7646553810939446e-06 and parameters: {'eps': 0.06671471472453916}. Best is trial 334 with value: 0.956711571032606.
[I 2022-05-07 20:26:36,199] Trial 363 finished with value: 0.8093011021126506 and parameters: {'eps': 1.4043030501854243}. Best is trial 334 with value: 0.956711571032606.
[I 2022-05-07 20:27:36,711] Trial 371 finished with value: 0.0 and parameters: {'eps': 7.802150584798096}. Best is trial 334 with value: 0.956711571032606.
[I 2022-05-07 20:27:53,098] Trial 369 finished with value: 0.7955686640302718 and parameters: {'eps': 1.4427215252811023}. Best is trial 334 with value: 0.956711571032606.
[I 2022-05-07 20:27:57,884] Trial 368 finished with value: 0.7941754201234832 and parameters: {'eps': 1.4997984998000353}. Best is trial 334 with value: 0.956711571032606.
[I 2022-05-07 20:28:01,224] Trial 370 finished with value: 0.7956492906905056 and parameters: {'eps': 1.4278205193503783}. Best is trial 334 with value: 0.956711571032606.
[I 2022-05-07 20:28:39,043] Trial 372 finished with value: 0.815374293952177 and parameters: {'eps': 1.3995081845867117}. Best is trial 334 with value: 0.956711571032606.
[I 2022-05-07 20:28:57,306] Trial 374 finished with value: 0.8547679835805404 and parameters: {'eps': 1.3604315684225912}. Best is trial 334 with value: 0.956711571032606.
[I 2022-05-07 20:29:02,707] Trial 373 finished with value: 0.8022093671188459 and parameters: {'eps': 1.4144037345324383}. Best is trial 334 with value: 0.956711571032606.
[I 2022-05-07 20:29:47,152] Trial 375 finished with value: 0.8081096090356482 and parameters: {'eps': 1.4044633205299346}. Best is trial 334 with value: 0.956711571032606.
[I 2022-05-07 20:30:05,444] Trial 376 finished with value: 0.8013976198164489 and parameters: {'eps': 1.419344191386382}. Best is trial 334 with value: 0.956711571032606.
[I 2022-05-07 20:30:19,211] Trial 377 finished with value: 0.8677344039341118 and parameters: {'eps': 1.3312065642139783}. Best is trial 334 with value: 0.956711571032606.
[I 2022-05-07 20:30:42,227] Trial 378 finished with value: 0.8745035817906129 and parameters: {'eps': 1.312556914961402}. Best is trial 334 with value: 0.956711571032606.
[I 2022-05-07 20:31:04,804] Trial 380 finished with value: 0.00010846233321533275 and parameters: {'eps': 4.660574310485055}. Best is trial 334 with value: 0.956711571032606.
[I 2022-05-07 20:31:33,406] Trial 379 finished with value: 0.8571542803913345 and parameters: {'eps': 1.3459680748496248}. Best is trial 334 with value: 0.956711571032606.
[I 2022-05-07 20:31:56,014] Trial 381 finished with value: 0.873783248946336 and parameters: {'eps': 1.2906367238373675}. Best is trial 334 with value: 0.956711571032606.
[I 2022-05-07 20:32:10,691] Trial 382 finished with value: 0.8670593235750497 and parameters: {'eps': 1.3334724673886993}. Best is trial 334 with value: 0.956711571032606.
[I 2022-05-07 20:32:22,473] Trial 383 finished with value: 0.8551886842956968 and parameters: {'eps': 1.3468537084329952}. Best is trial 334 with value: 0.956711571032606.
