[I 2022-05-07 21:18:31,889] Trial 512 finished with value: 0.9340004737838575 and parameters: {'eps': 0.8188765887033782}. Best is trial 334 with value: 0.956711571032606.
[I 2022-05-07 21:18:57,373] Trial 513 finished with value: 0.8837836205524642 and parameters: {'eps': 0.7494959616612547}. Best is trial 334 with value: 0.956711571032606.
[I 2022-05-07 21:19:04,012] Trial 514 finished with value: 0.7694661345003736 and parameters: {'eps': 0.6850910274900959}. Best is trial 334 with value: 0.956711571032606.
[I 2022-05-07 21:19:40,095] Trial 515 finished with value: 0.8902562823465364 and parameters: {'eps': 0.7563386851704782}. Best is trial 334 with value: 0.956711571032606.
[I 2022-05-07 21:20:07,672] Trial 516 finished with value: 0.4621426483454731 and parameters: {'eps': 0.6154802324664841}. Best is trial 334 with value: 0.956711571032606.
[I 2022-05-07 21:20:27,360] Trial 517 finished with value: 0.00010902504760184194 and parameters: {'eps': 5.09877306241973}. Best is trial 334 with value: 0.956711571032606.
[I 2022-05-07 21:20:42,283] Trial 518 finished with value: 0.9039138332967563 and parameters: {'eps': 0.7667916035805122}. Best is trial 334 with value: 0.956711571032606.
[I 2022-05-07 21:21:25,725] Trial 521 finished with value: 0.2573423002381723 and parameters: {'eps': 0.4629694571170865}. Best is trial 334 with value: 0.956711571032606.
[I 2022-05-07 21:21:52,609] Trial 522 finished with value: 0.2913504654883554 and parameters: {'eps': 0.5118018168675667}. Best is trial 334 with value: 0.956711571032606.
[I 2022-05-07 21:22:04,322] Trial 519 finished with value: 0.9383755349515499 and parameters: {'eps': 0.8483169726538939}. Best is trial 334 with value: 0.956711571032606.
[I 2022-05-07 21:22:12,235] Trial 520 finished with value: 0.9393402908380708 and parameters: {'eps': 0.8633876392948803}. Best is trial 334 with value: 0.956711571032606.
[I 2022-05-07 21:22:35,814] Trial 523 finished with value: 0.010895094400470822 and parameters: {'eps': 2.452467877236616}. Best is trial 334 with value: 0.956711571032606.
[I 2022-05-07 21:23:21,813] Trial 524 finished with value: 0.013845162513170604 and parameters: {'eps': 2.392710116465622}. Best is trial 334 with value: 0.956711571032606.
[I 2022-05-07 21:23:24,713] Trial 525 finished with value: 0.9482054120847583 and parameters: {'eps': 0.9349212322161499}. Best is trial 334 with value: 0.956711571032606.
[I 2022-05-07 21:23:32,668] Trial 528 finished with value: 0.01830563345297772 and parameters: {'eps': 2.346077153330441}. Best is trial 334 with value: 0.956711571032606.
[I 2022-05-07 21:23:46,855] Trial 526 finished with value: 0.01100311195120427 and parameters: {'eps': 2.438238937934521}. Best is trial 334 with value: 0.956711571032606.
[I 2022-05-07 21:24:18,568] Trial 527 finished with value: 0.5906735411521996 and parameters: {'eps': 1.7161960973103945}. Best is trial 334 with value: 0.956711571032606.
[I 2022-05-07 21:24:26,822] Trial 529 finished with value: 0.663352591855474 and parameters: {'eps': 1.6804843426778415}. Best is trial 334 with value: 0.956711571032606.
[I 2022-05-07 21:24:37,644] Trial 530 finished with value: 0.5912250965666629 and parameters: {'eps': 1.710668199585263}. Best is trial 334 with value: 0.956711571032606.
[I 2022-05-07 21:25:15,015] Trial 531 finished with value: 0.5826159040834067 and parameters: {'eps': 1.7196474240992845}. Best is trial 334 with value: 0.956711571032606.
[I 2022-05-07 21:25:51,025] Trial 534 finished with value: 0.015462610316245427 and parameters: {'eps': 2.3677169489257146}. Best is trial 334 with value: 0.956711571032606.
[I 2022-05-07 21:25:51,035] Trial 532 finished with value: 0.5973730566042601 and parameters: {'eps': 1.708830247021561}. Best is trial 334 with value: 0.956711571032606.
[I 2022-05-07 21:26:14,119] Trial 533 finished with value: 0.6608416244773587 and parameters: {'eps': 1.6726677872827533}. Best is trial 334 with value: 0.956711571032606.
[I 2022-05-07 21:26:58,106] Trial 535 finished with value: 0.6589053399388349 and parameters: {'eps': 1.6920607927585514}. Best is trial 334 with value: 0.956711571032606.
[I 2022-05-07 21:27:21,283] Trial 537 finished with value: 0.0 and parameters: {'eps': 12.944726937232952}. Best is trial 334 with value: 0.956711571032606.
[I 2022-05-07 21:27:46,801] Trial 536 finished with value: 0.4193527035389074 and parameters: {'eps': 1.7725941339942324}. Best is trial 334 with value: 0.956711571032606.
[I 2022-05-07 21:28:00,835] Trial 538 finished with value: 0.6589169589605904 and parameters: {'eps': 1.6731689498291968}. Best is trial 334 with value: 0.956711571032606.
[I 2022-05-07 21:28:17,606] Trial 539 finished with value: 0.7883257824062804 and parameters: {'eps': 1.630870136680957}. Best is trial 334 with value: 0.956711571032606.
[I 2022-05-07 21:29:02,953] Trial 541 finished with value: 0.3956845412796299 and parameters: {'eps': 1.7954309830600859}. Best is trial 334 with value: 0.956711571032606.
[I 2022-05-07 21:29:06,663] Trial 543 finished with value: 0.0 and parameters: {'eps': 12.961747923023905}. Best is trial 334 with value: 0.956711571032606.
[I 2022-05-07 21:29:09,881] Trial 542 finished with value: 0.5438735705689828 and parameters: {'eps': 1.7518976659568575}. Best is trial 334 with value: 0.956711571032606.
[I 2022-05-07 21:29:18,559] Trial 540 finished with value: 0.9399112139293486 and parameters: {'eps': 1.0863483174573614}. Best is trial 334 with value: 0.956711571032606.
[I 2022-05-07 21:29:55,515] Trial 547 finished with value: 0.07632909509520451 and parameters: {'eps': 0.28124765957347775}. Best is trial 334 with value: 0.956711571032606.
[I 2022-05-07 21:30:00,393] Trial 545 finished with value: 0.6869480121932727 and parameters: {'eps': 1.6585458212968083}. Best is trial 334 with value: 0.956711571032606.
[I 2022-05-07 21:30:16,441] Trial 546 finished with value: 0.9160198184689412 and parameters: {'eps': 1.1272353634807635}. Best is trial 334 with value: 0.956711571032606.
[I 2022-05-07 21:30:19,659] Trial 544 finished with value: 0.7482524461868604 and parameters: {'eps': 1.654654288857774}. Best is trial 334 with value: 0.956711571032606.
[I 2022-05-07 21:30:39,806] Trial 549 finished with value: 0.07914008249939201 and parameters: {'eps': 0.30533671035422516}. Best is trial 334 with value: 0.956711571032606.
[I 2022-05-07 21:31:11,451] Trial 548 finished with value: 0.9105952032867396 and parameters: {'eps': 1.1231788170302797}. Best is trial 334 with value: 0.956711571032606.
[I 2022-05-07 21:31:19,620] Trial 551 finished with value: 0.08341600334449309 and parameters: {'eps': 0.36539375716771616}. Best is trial 334 with value: 0.956711571032606.
[I 2022-05-07 21:31:47,777] Trial 550 finished with value: 0.9122402069213301 and parameters: {'eps': 1.122850264088525}. Best is trial 334 with value: 0.956711571032606.
[I 2022-05-07 21:32:39,815] Trial 552 finished with value: 0.9560493465325867 and parameters: {'eps': 1.0465604552935732}. Best is trial 334 with value: 0.956711571032606.
[I 2022-05-07 21:33:11,754] Trial 553 finished with value: 0.9180346318516954 and parameters: {'eps': 1.1068601789684005}. Best is trial 334 with value: 0.956711571032606.
[I 2022-05-07 21:33:18,172] Trial 556 finished with value: 0.08224380792395969 and parameters: {'eps': 0.3321273131089435}. Best is trial 334 with value: 0.956711571032606.
[I 2022-05-07 21:33:21,041] Trial 554 finished with value: 0.8758098369796751 and parameters: {'eps': 1.1775633943327575}. Best is trial 334 with value: 0.956711571032606.
[I 2022-05-07 21:33:25,517] Trial 555 finished with value: 0.9144448797818356 and parameters: {'eps': 1.1117523480106966}. Best is trial 334 with value: 0.956711571032606.
[I 2022-05-07 21:33:58,435] Trial 559 finished with value: 0.08317081400289648 and parameters: {'eps': 0.36872338706532226}. Best is trial 334 with value: 0.956711571032606.
[I 2022-05-07 21:34:17,009] Trial 558 finished with value: 0.9469503191530729 and parameters: {'eps': 1.0846072782472511}. Best is trial 334 with value: 0.956711571032606.
[I 2022-05-07 21:34:25,936] Trial 557 finished with value: 0.9434347804487849 and parameters: {'eps': 1.0842727265128524}. Best is trial 334 with value: 0.956711571032606.
[I 2022-05-07 21:34:49,570] Trial 562 finished with value: 0.08407338461505788 and parameters: {'eps': 0.3769302370912373}. Best is trial 334 with value: 0.956711571032606.
[I 2022-05-07 21:35:10,039] Trial 563 finished with value: 0.08485935683663037 and parameters: {'eps': 0.4126743778084361}. Best is trial 334 with value: 0.956711571032606.
[I 2022-05-07 21:35:17,655] Trial 561 finished with value: 0.8738785295918554 and parameters: {'eps': 1.231033273523038}. Best is trial 334 with value: 0.956711571032606.
[I 2022-05-07 21:35:29,751] Trial 560 finished with value: 0.8732239698345309 and parameters: {'eps': 1.2633965819190822}. Best is trial 334 with value: 0.956711571032606.
[I 2022-05-07 21:36:32,158] Trial 564 finished with value: 0.9230991234842708 and parameters: {'eps': 1.091038886499805}. Best is trial 334 with value: 0.956711571032606.
[I 2022-05-07 21:36:45,485] Trial 565 finished with value: 0.942773425262422 and parameters: {'eps': 1.0838680433258774}. Best is trial 334 with value: 0.956711571032606.
[I 2022-05-07 21:36:53,369] Trial 566 finished with value: 0.9535262928188218 and parameters: {'eps': 1.0126533734648453}. Best is trial 334 with value: 0.956711571032606.
[I 2022-05-07 21:37:56,500] Trial 567 finished with value: 0.954284736683557 and parameters: {'eps': 1.0213428507579638}. Best is trial 334 with value: 0.956711571032606.
[I 2022-05-07 21:39:05,962] Trial 568 finished with value: 0.9571516770098413 and parameters: {'eps': 1.0694905187389605}. Best is trial 568 with value: 0.9571516770098413.
[I 2022-05-07 21:39:15,316] Trial 571 finished with value: 0.00012068145533515415 and parameters: {'eps': 4.4036560601419295}. Best is trial 568 with value: 0.9571516770098413.
[I 2022-05-07 21:39:34,517] Trial 570 finished with value: 0.9561217089306578 and parameters: {'eps': 1.0666798083847653}. Best is trial 568 with value: 0.9571516770098413.
[I 2022-05-07 21:39:57,484] Trial 572 finished with value: 0.8682288268803672 and parameters: {'eps': 1.3198491814683844}. Best is trial 568 with value: 0.9571516770098413.
[I 2022-05-07 21:39:57,752] Trial 569 finished with value: 0.874617748492977 and parameters: {'eps': 1.299315925780569}. Best is trial 568 with value: 0.9571516770098413.
[I 2022-05-07 21:40:06,009] Trial 574 finished with value: 0.0 and parameters: {'eps': 9.221576057968587}. Best is trial 568 with value: 0.9571516770098413.
[I 2022-05-07 21:40:51,311] Trial 573 finished with value: 0.8597643973065182 and parameters: {'eps': 1.3405232540211174}. Best is trial 568 with value: 0.9571516770098413.
[I 2022-05-07 21:40:52,512] Trial 579 finished with value: 0.0 and parameters: {'eps': 0.02156105068819869}. Best is trial 568 with value: 0.9571516770098413.
[I 2022-05-07 21:40:56,516] Trial 578 finished with value: 0.0 and parameters: {'eps': 8.285994979508866}. Best is trial 568 with value: 0.9571516770098413.
[I 2022-05-07 21:41:10,324] Trial 575 finished with value: 0.8028000273738581 and parameters: {'eps': 1.410342274512315}. Best is trial 568 with value: 0.9571516770098413.
[I 2022-05-07 21:41:28,216] Trial 576 finished with value: 0.8320604781713086 and parameters: {'eps': 1.3750489223153806}. Best is trial 568 with value: 0.9571516770098413.
[I 2022-05-07 21:41:56,039] Trial 577 finished with value: 0.8557320084711868 and parameters: {'eps': 1.3510719282221966}. Best is trial 568 with value: 0.9571516770098413.
[I 2022-05-07 21:42:28,751] Trial 581 finished with value: 0.050687715415042474 and parameters: {'eps': 2.0998659674152775}. Best is trial 568 with value: 0.9571516770098413.
[I 2022-05-07 21:42:35,484] Trial 582 finished with value: 0.05568793111645323 and parameters: {'eps': 2.092792532888528}. Best is trial 568 with value: 0.9571516770098413.
[I 2022-05-07 21:42:57,443] Trial 580 finished with value: 0.7977207484989323 and parameters: {'eps': 1.424135245462377}. Best is trial 568 with value: 0.9571516770098413.
[I 2022-05-07 21:43:03,403] Trial 583 finished with value: 1.422229759122388e-06 and parameters: {'eps': 0.03495620595209581}. Best is trial 568 with value: 0.9571516770098413.
[I 2022-05-07 21:43:56,782] Trial 584 finished with value: 0.0 and parameters: {'eps': 0.008431273940673334}. Best is trial 568 with value: 0.9571516770098413.
[I 2022-05-07 21:44:36,101] Trial 589 finished with value: 2.229265799722994e-06 and parameters: {'eps': 0.044043697797206516}. Best is trial 568 with value: 0.9571516770098413.
[I 2022-05-07 21:44:49,668] Trial 586 finished with value: 0.11624961065528976 and parameters: {'eps': 2.0182776612192184}. Best is trial 568 with value: 0.9571516770098413.
[I 2022-05-07 21:44:57,080] Trial 585 finished with value: 0.8034998430493424 and parameters: {'eps': 1.4075880225353763}. Best is trial 568 with value: 0.9571516770098413.
[I 2022-05-07 21:45:05,125] Trial 587 finished with value: 0.04685390857275342 and parameters: {'eps': 2.1834299092684946}. Best is trial 568 with value: 0.9571516770098413.
[I 2022-05-07 21:45:17,015] Trial 588 finished with value: 0.09476300889945892 and parameters: {'eps': 2.034930400293396}. Best is trial 568 with value: 0.9571516770098413.
[I 2022-05-07 21:45:35,248] Trial 592 finished with value: 0.04703771425390734 and parameters: {'eps': 2.16782833875079}. Best is trial 568 with value: 0.9571516770098413.
[I 2022-05-07 21:45:36,848] Trial 590 finished with value: 0.3012870000907793 and parameters: {'eps': 0.5270869468731497}. Best is trial 568 with value: 0.9571516770098413.
[I 2022-05-07 21:45:44,162] Trial 591 finished with value: 0.08630818260346132 and parameters: {'eps': 2.044187905235912}. Best is trial 568 with value: 0.9571516770098413.
[I 2022-05-07 21:45:51,116] Trial 594 finished with value: 0.29810882406020534 and parameters: {'eps': 0.5202867919377004}. Best is trial 568 with value: 0.9571516770098413.
[I 2022-05-07 21:45:52,490] Trial 593 finished with value: 0.10921428263597643 and parameters: {'eps': 2.040562273635547}. Best is trial 568 with value: 0.9571516770098413.
Thread_0 finished!
Thread_1 finished!
Thread_2 finished!
Thread_3 finished!
Thread_4 finished!
[I 2022-05-07 21:46:07,090] Trial 597 finished with value: 0.2627734437935326 and parameters: {'eps': 0.4697459984818456}. Best is trial 568 with value: 0.9571516770098413.
[I 2022-05-07 21:46:08,646] Trial 595 finished with value: 0.13337315993336196 and parameters: {'eps': 1.956128996346149}. Best is trial 568 with value: 0.9571516770098413.
[I 2022-05-07 21:46:15,809] Trial 596 finished with value: 0.0 and parameters: {'eps': 10.66552271874327}. Best is trial 568 with value: 0.9571516770098413.
[I 2022-05-07 21:46:16,390] Trial 598 finished with value: 0.8070197777675786 and parameters: {'eps': 0.6950976924853798}. Best is trial 568 with value: 0.9571516770098413.
[I 2022-05-07 21:46:16,533] Trial 599 finished with value: 0.08584781095719082 and parameters: {'eps': 0.41174914311027766}. Best is trial 568 with value: 0.9571516770098413.
Thread_5 finished!
Thread_6 finished!
Thread_7 finished!
Thread_8 finished!
Thread_9 finished!
Thread_10 finished!
Thread_11 finished!
Thread_12 finished!
Thread_13 finished!
Thread_14 finished!
Thread_15 finished!
Optimization finished!