[I 2022-05-07 19:03:46,538] Trial 128 finished with value: 0.874811326959752 and parameters: {'eps': 0.7411194907782036}. Best is trial 38 with value: 0.9549154821495301.
[I 2022-05-07 19:04:14,523] Trial 129 finished with value: 0.008619777011442085 and parameters: {'eps': 2.592355365006945}. Best is trial 38 with value: 0.9549154821495301.
[I 2022-05-07 19:04:55,067] Trial 131 finished with value: 0.599098365123077 and parameters: {'eps': 0.6460252318386458}. Best is trial 38 with value: 0.9549154821495301.
[I 2022-05-07 19:05:11,223] Trial 130 finished with value: 0.9109917923479641 and parameters: {'eps': 0.7783807258009363}. Best is trial 38 with value: 0.9549154821495301.
[I 2022-05-07 19:05:33,243] Trial 132 finished with value: 0.8206435874309232 and parameters: {'eps': 0.705160374912896}. Best is trial 38 with value: 0.9549154821495301.
[I 2022-05-07 19:07:18,907] Trial 133 finished with value: 0.8827495167996426 and parameters: {'eps': 0.7462145306386596}. Best is trial 38 with value: 0.9549154821495301.
[I 2022-05-07 19:07:53,452] Trial 134 finished with value: 0.8826824742982605 and parameters: {'eps': 0.7484708522345398}. Best is trial 38 with value: 0.9549154821495301.
[I 2022-05-07 19:08:52,537] Trial 135 finished with value: 0.603699545628255 and parameters: {'eps': 0.6476233133562845}. Best is trial 38 with value: 0.9549154821495301.
[I 2022-05-07 19:08:54,570] Trial 140 finished with value: 0.27851444197979147 and parameters: {'eps': 0.4823441770508905}. Best is trial 38 with value: 0.9549154821495301.
[I 2022-05-07 19:08:56,467] Trial 137 finished with value: 0.9216608542570041 and parameters: {'eps': 0.7991380343376839}. Best is trial 38 with value: 0.9549154821495301.
[I 2022-05-07 19:09:25,089] Trial 139 finished with value: 0.8610465052688167 and parameters: {'eps': 0.7309952349086388}. Best is trial 38 with value: 0.9549154821495301.
[I 2022-05-07 19:09:26,460] Trial 136 finished with value: 0.8722217997424118 and parameters: {'eps': 0.7399256764337898}. Best is trial 38 with value: 0.9549154821495301.
[I 2022-05-07 19:09:34,850] Trial 138 finished with value: 0.8621660638468479 and parameters: {'eps': 0.7318043135694615}. Best is trial 38 with value: 0.9549154821495301.
[I 2022-05-07 19:09:43,019] Trial 141 finished with value: 0.0 and parameters: {'eps': 13.995310822365909}. Best is trial 38 with value: 0.9549154821495301.
[I 2022-05-07 19:10:05,514] Trial 142 finished with value: 0.3246046820063506 and parameters: {'eps': 0.5479799998974706}. Best is trial 38 with value: 0.9549154821495301.
[I 2022-05-07 19:10:58,081] Trial 144 finished with value: 0.0 and parameters: {'eps': 13.789506164068179}. Best is trial 38 with value: 0.9549154821495301.
[I 2022-05-07 19:11:39,679] Trial 145 finished with value: 0.0 and parameters: {'eps': 13.406086682469905}. Best is trial 38 with value: 0.9549154821495301.
[I 2022-05-07 19:12:30,200] Trial 146 finished with value: 0.0 and parameters: {'eps': 12.31832090778121}. Best is trial 38 with value: 0.9549154821495301.
[I 2022-05-07 19:12:40,767] Trial 143 finished with value: 0.7929764886115872 and parameters: {'eps': 1.6221180059764997}. Best is trial 38 with value: 0.9549154821495301.
[I 2022-05-07 19:12:55,472] Trial 147 finished with value: 0.0 and parameters: {'eps': 12.65079127540241}. Best is trial 38 with value: 0.9549154821495301.
[I 2022-05-07 19:13:02,029] Trial 148 finished with value: 0.0 and parameters: {'eps': 12.295786376720002}. Best is trial 38 with value: 0.9549154821495301.
[I 2022-05-07 19:14:11,269] Trial 149 finished with value: 0.0 and parameters: {'eps': 0.02431370917623754}. Best is trial 38 with value: 0.9549154821495301.
[I 2022-05-07 19:14:20,864] Trial 150 finished with value: 0.0 and parameters: {'eps': 0.012286763706888415}. Best is trial 38 with value: 0.9549154821495301.
[I 2022-05-07 19:14:50,455] Trial 153 finished with value: 3.649981846674872e-06 and parameters: {'eps': 0.050238208862599}. Best is trial 38 with value: 0.9549154821495301.
[I 2022-05-07 19:15:18,391] Trial 151 finished with value: 1.2994829272828806e-06 and parameters: {'eps': 0.040360374296504964}. Best is trial 38 with value: 0.9549154821495301.
[I 2022-05-07 19:15:45,470] Trial 156 finished with value: 1.3616557828208907e-06 and parameters: {'eps': 0.04292638053044029}. Best is trial 38 with value: 0.9549154821495301.
[I 2022-05-07 19:16:02,421] Trial 159 finished with value: 0.0 and parameters: {'eps': 0.008192258122497798}. Best is trial 38 with value: 0.9549154821495301.
[I 2022-05-07 19:16:10,430] Trial 152 finished with value: 0.6346494626757131 and parameters: {'eps': 1.7019882202714793}. Best is trial 38 with value: 0.9549154821495301.
[I 2022-05-07 19:16:13,474] Trial 158 finished with value: 0.0 and parameters: {'eps': 10.261584814955874}. Best is trial 38 with value: 0.9549154821495301.
[I 2022-05-07 19:16:22,360] Trial 154 finished with value: 0.7937686376961979 and parameters: {'eps': 1.5805922651439308}. Best is trial 38 with value: 0.9549154821495301.
[I 2022-05-07 19:16:29,122] Trial 160 finished with value: 0.0 and parameters: {'eps': 0.020169639524534877}. Best is trial 38 with value: 0.9549154821495301.
[I 2022-05-07 19:16:31,778] Trial 155 finished with value: 0.7897220625599891 and parameters: {'eps': 1.627136346217831}. Best is trial 38 with value: 0.9549154821495301.
[I 2022-05-07 19:16:42,818] Trial 157 finished with value: 0.7940796264899749 and parameters: {'eps': 1.5894814236415251}. Best is trial 38 with value: 0.9549154821495301.
[I 2022-05-07 19:17:26,368] Trial 164 finished with value: 6.886184740575249e-06 and parameters: {'eps': 0.07268014780804077}. Best is trial 38 with value: 0.9549154821495301.
[I 2022-05-07 19:17:42,907] Trial 162 finished with value: 5.269098823673633e-06 and parameters: {'eps': 0.0641909063850089}. Best is trial 38 with value: 0.9549154821495301.
[I 2022-05-07 19:17:58,024] Trial 161 finished with value: 0.7935090018207919 and parameters: {'eps': 1.617345586567951}. Best is trial 38 with value: 0.9549154821495301.
[I 2022-05-07 19:18:18,576] Trial 163 finished with value: 0.7871893867290654 and parameters: {'eps': 1.6395564524706514}. Best is trial 38 with value: 0.9549154821495301.
[I 2022-05-07 19:19:31,192] Trial 165 finished with value: 0.681264639009737 and parameters: {'eps': 1.6634889895960903}. Best is trial 38 with value: 0.9549154821495301.
[I 2022-05-07 19:19:37,842] Trial 166 finished with value: 0.7933337620493768 and parameters: {'eps': 1.580313892280869}. Best is trial 38 with value: 0.9549154821495301.
[I 2022-05-07 19:20:00,676] Trial 167 finished with value: 0.7938766946263452 and parameters: {'eps': 1.5661102999172805}. Best is trial 38 with value: 0.9549154821495301.
[I 2022-05-07 19:20:34,797] Trial 168 finished with value: 0.7895483321437352 and parameters: {'eps': 1.6349287158475785}. Best is trial 38 with value: 0.9549154821495301.
[I 2022-05-07 19:20:55,540] Trial 170 finished with value: 0.23106710990453902 and parameters: {'eps': 1.8607296159211273}. Best is trial 38 with value: 0.9549154821495301.
[I 2022-05-07 19:20:58,185] Trial 169 finished with value: 0.3827260476767593 and parameters: {'eps': 1.7989913259728962}. Best is trial 38 with value: 0.9549154821495301.
[I 2022-05-07 19:21:18,886] Trial 171 finished with value: 0.6796302558025357 and parameters: {'eps': 1.663608185628731}. Best is trial 38 with value: 0.9549154821495301.
[I 2022-05-07 19:21:24,676] Trial 172 finished with value: 0.5801083032670703 and parameters: {'eps': 1.7160142826900806}. Best is trial 38 with value: 0.9549154821495301.
[I 2022-05-07 19:21:29,231] Trial 174 finished with value: 0.7932549888163775 and parameters: {'eps': 1.5428084668605924}. Best is trial 38 with value: 0.9549154821495301.
[I 2022-05-07 19:21:29,989] Trial 173 finished with value: 0.7930378890169629 and parameters: {'eps': 1.6082941241019726}. Best is trial 38 with value: 0.9549154821495301.
[I 2022-05-07 19:21:41,295] Trial 175 finished with value: 0.7483347880691802 and parameters: {'eps': 1.6453962719577953}. Best is trial 38 with value: 0.9549154821495301.
[I 2022-05-07 19:21:51,569] Trial 176 finished with value: 0.9531518121996011 and parameters: {'eps': 1.0004929751592209}. Best is trial 38 with value: 0.9549154821495301.
[I 2022-05-07 19:22:20,777] Trial 177 finished with value: 0.9520341225043417 and parameters: {'eps': 0.9724439747757537}. Best is trial 38 with value: 0.9549154821495301.
[I 2022-05-07 19:22:43,201] Trial 179 finished with value: 0.05010305991121605 and parameters: {'eps': 2.098425688649605}. Best is trial 38 with value: 0.9549154821495301.
[I 2022-05-07 19:22:53,336] Trial 178 finished with value: 0.9459342057745336 and parameters: {'eps': 0.9115637155311765}. Best is trial 38 with value: 0.9549154821495301.
[I 2022-05-07 19:23:17,634] Trial 180 finished with value: 0.9534529185106417 and parameters: {'eps': 0.9956046518475397}. Best is trial 38 with value: 0.9549154821495301.
[I 2022-05-07 19:24:35,974] Trial 181 finished with value: 0.9544376780676811 and parameters: {'eps': 1.0221648643711314}. Best is trial 38 with value: 0.9549154821495301.
[I 2022-05-07 19:24:36,735] Trial 182 finished with value: 0.9523989514217928 and parameters: {'eps': 0.9766551828186791}. Best is trial 38 with value: 0.9549154821495301.
[I 2022-05-07 19:24:55,781] Trial 183 finished with value: 0.9517945117741996 and parameters: {'eps': 0.9671434802700893}. Best is trial 38 with value: 0.9549154821495301.
[I 2022-05-07 19:25:44,372] Trial 184 finished with value: 0.9542871947197992 and parameters: {'eps': 1.0172994046684363}. Best is trial 38 with value: 0.9549154821495301.
[I 2022-05-07 19:25:48,407] Trial 185 finished with value: 0.9524143645769767 and parameters: {'eps': 0.9931915382892393}. Best is trial 38 with value: 0.9549154821495301.
[I 2022-05-07 19:26:14,598] Trial 186 finished with value: 0.9524653904245795 and parameters: {'eps': 0.9713022793083939}. Best is trial 38 with value: 0.9549154821495301.
[I 2022-05-07 19:26:18,733] Trial 187 finished with value: 0.9406736660853668 and parameters: {'eps': 0.8826564320512722}. Best is trial 38 with value: 0.9549154821495301.
[I 2022-05-07 19:26:22,554] Trial 189 finished with value: 0.9482908713798827 and parameters: {'eps': 0.9358200876065215}. Best is trial 38 with value: 0.9549154821495301.
[I 2022-05-07 19:26:30,238] Trial 190 finished with value: 0.9491683387479839 and parameters: {'eps': 0.9450087612333863}. Best is trial 38 with value: 0.9549154821495301.
[I 2022-05-07 19:26:32,565] Trial 188 finished with value: 0.9549805015111743 and parameters: {'eps': 1.0047500779947738}. Best is trial 188 with value: 0.9549805015111743.
[I 2022-05-07 19:26:53,121] Trial 191 finished with value: 0.9483906117287013 and parameters: {'eps': 0.9320919649415662}. Best is trial 188 with value: 0.9549805015111743.
[I 2022-05-07 19:27:03,552] Trial 193 finished with value: 0.027299439028976503 and parameters: {'eps': 2.3031200545875765}. Best is trial 188 with value: 0.9549805015111743.
[I 2022-05-07 19:27:08,875] Trial 192 finished with value: 0.9522450597107434 and parameters: {'eps': 0.9617817368084944}. Best is trial 188 with value: 0.9549805015111743.
[I 2022-05-07 19:27:53,798] Trial 194 finished with value: 0.9535112739642915 and parameters: {'eps': 1.0101312635976483}. Best is trial 188 with value: 0.9549805015111743.
[I 2022-05-07 19:28:34,508] Trial 195 finished with value: 0.9518934342713824 and parameters: {'eps': 0.9683726182833546}. Best is trial 188 with value: 0.9549805015111743.
[I 2022-05-07 19:28:42,201] Trial 196 finished with value: 0.9531745589625201 and parameters: {'eps': 0.9821411438862784}. Best is trial 188 with value: 0.9549805015111743.
[I 2022-05-07 19:30:24,729] Trial 198 finished with value: 0.9486070426901834 and parameters: {'eps': 0.9448031838184245}. Best is trial 188 with value: 0.9549805015111743.
[I 2022-05-07 19:30:35,915] Trial 197 finished with value: 0.9528585236683531 and parameters: {'eps': 0.9798913422303778}. Best is trial 188 with value: 0.9549805015111743.
[I 2022-05-07 19:30:41,755] Trial 199 finished with value: 0.953724257081378 and parameters: {'eps': 1.0122106021584985}. Best is trial 188 with value: 0.9549805015111743.
[I 2022-05-07 19:30:55,897] Trial 201 finished with value: 0.08553895001978637 and parameters: {'eps': 0.41248978191515584}. Best is trial 188 with value: 0.9549805015111743.
[I 2022-05-07 19:31:16,164] Trial 200 finished with value: 0.2360744434479657 and parameters: {'eps': 0.441163315057856}. Best is trial 188 with value: 0.9549805015111743.
[I 2022-05-07 19:31:27,800] Trial 204 finished with value: 0.08388753972948226 and parameters: {'eps': 0.3957655155915698}. Best is trial 188 with value: 0.9549805015111743.
[I 2022-05-07 19:32:06,940] Trial 202 finished with value: 0.27297258771481375 and parameters: {'eps': 0.47528908181008733}. Best is trial 188 with value: 0.9549805015111743.
[I 2022-05-07 19:32:10,236] Trial 206 finished with value: 0.0842959353734673 and parameters: {'eps': 0.4064466235739924}. Best is trial 188 with value: 0.9549805015111743.
[I 2022-05-07 19:32:20,926] Trial 208 finished with value: 0.24260950416310564 and parameters: {'eps': 0.4537730311736365}. Best is trial 188 with value: 0.9549805015111743.
[I 2022-05-07 19:32:28,026] Trial 203 finished with value: 0.00010442049336043502 and parameters: {'eps': 5.392816281801016}. Best is trial 188 with value: 0.9549805015111743.
[I 2022-05-07 19:32:33,155] Trial 205 finished with value: 0.0 and parameters: {'eps': 8.546331990328586}. Best is trial 188 with value: 0.9549805015111743.
[I 2022-05-07 19:32:41,745] Trial 207 finished with value: 0.1913454076897244 and parameters: {'eps': 0.4322909703743886}. Best is trial 188 with value: 0.9549805015111743.
[I 2022-05-07 19:33:07,549] Trial 209 finished with value: 0.0831800563911949 and parameters: {'eps': 0.35968316164529435}. Best is trial 188 with value: 0.9549805015111743.
[I 2022-05-07 19:33:25,202] Trial 210 finished with value: 0.08485654598056708 and parameters: {'eps': 0.3872795105248251}. Best is trial 188 with value: 0.9549805015111743.
[I 2022-05-07 19:34:12,790] Trial 212 finished with value: 0.32139957096921223 and parameters: {'eps': 0.5453137085791844}. Best is trial 188 with value: 0.9549805015111743.
[I 2022-05-07 19:34:42,527] Trial 211 finished with value: 0.23171014242176252 and parameters: {'eps': 0.43889649013002185}. Best is trial 188 with value: 0.9549805015111743.
[I 2022-05-07 19:35:53,731] Trial 213 finished with value: 0.08411932098396675 and parameters: {'eps': 0.3557419996597052}. Best is trial 188 with value: 0.9549805015111743.
[I 2022-05-07 19:35:59,738] Trial 215 finished with value: 0.08489649767884401 and parameters: {'eps': 0.3837026263029911}. Best is trial 188 with value: 0.9549805015111743.
[I 2022-05-07 19:36:16,178] Trial 216 finished with value: 0.2837815945517438 and parameters: {'eps': 0.4914967880280185}. Best is trial 188 with value: 0.9549805015111743.
[I 2022-05-07 19:36:23,160] Trial 214 finished with value: 0.29462117486083994 and parameters: {'eps': 0.5192296701737387}. Best is trial 188 with value: 0.9549805015111743.
[I 2022-05-07 19:36:58,495] Trial 217 finished with value: 0.08543450776823609 and parameters: {'eps': 0.4013089185837462}. Best is trial 188 with value: 0.9549805015111743.
[I 2022-05-07 19:37:09,267] Trial 218 finished with value: 0.0 and parameters: {'eps': 17.172448302254388}. Best is trial 188 with value: 0.9549805015111743.
[I 2022-05-07 19:37:44,895] Trial 221 finished with value: 0.00010774606607360444 and parameters: {'eps': 5.365452443169465}. Best is trial 188 with value: 0.9549805015111743.
[I 2022-05-07 19:38:27,246] Trial 220 finished with value: 0.8106847773607134 and parameters: {'eps': 1.4010951513297216}. Best is trial 188 with value: 0.9549805015111743.
[I 2022-05-07 19:38:34,468] Trial 219 finished with value: 0.8744750727694621 and parameters: {'eps': 1.3048494483950106}. Best is trial 188 with value: 0.9549805015111743.
[I 2022-05-07 19:38:34,529] Trial 223 finished with value: 0.8740899497464452 and parameters: {'eps': 1.2537503668983125}. Best is trial 188 with value: 0.9549805015111743.
[I 2022-05-07 19:38:38,221] Trial 222 finished with value: 0.8556913829942697 and parameters: {'eps': 1.34508182412437}. Best is trial 188 with value: 0.9549805015111743.
[I 2022-05-07 19:38:47,838] Trial 225 finished with value: 0.04897930311387204 and parameters: {'eps': 2.141804923228082}. Best is trial 188 with value: 0.9549805015111743.
[I 2022-05-07 19:38:55,961] Trial 224 finished with value: 0.8560171134879004 and parameters: {'eps': 1.3497812198039623}. Best is trial 188 with value: 0.9549805015111743.
[I 2022-05-07 19:39:07,362] Trial 226 finished with value: 0.8738078296351921 and parameters: {'eps': 1.263311137844771}. Best is trial 188 with value: 0.9549805015111743.
[I 2022-05-07 19:39:45,574] Trial 227 finished with value: 0.8649418820342154 and parameters: {'eps': 1.331584639187026}. Best is trial 188 with value: 0.9549805015111743.
[I 2022-05-07 19:40:29,675] Trial 228 finished with value: 0.9174059039529755 and parameters: {'eps': 1.1256699341868968}. Best is trial 188 with value: 0.9549805015111743.
[I 2022-05-07 19:41:09,401] Trial 230 finished with value: 0.8742285356016066 and parameters: {'eps': 1.2753779189417158}. Best is trial 188 with value: 0.9549805015111743.
[I 2022-05-07 19:41:13,722] Trial 229 finished with value: 0.8762573680095649 and parameters: {'eps': 1.1895200585618557}. Best is trial 188 with value: 0.9549805015111743.
[I 2022-05-07 19:41:25,428] Trial 231 finished with value: 0.8559084411361907 and parameters: {'eps': 1.35328901855}. Best is trial 188 with value: 0.9549805015111743.
[I 2022-05-07 19:41:40,236] Trial 232 finished with value: 0.874030496476647 and parameters: {'eps': 1.3113354997980111}. Best is trial 188 with value: 0.9549805015111743.
[I 2022-05-07 19:42:12,504] Trial 234 finished with value: 0.8736650237755691 and parameters: {'eps': 1.2327724591391773}. Best is trial 188 with value: 0.9549805015111743.
[I 2022-05-07 19:42:14,302] Trial 233 finished with value: 0.8638939737211286 and parameters: {'eps': 1.3370962297256885}. Best is trial 188 with value: 0.9549805015111743.
[I 2022-05-07 19:42:43,406] Trial 235 finished with value: 0.8738878525061403 and parameters: {'eps': 1.29100952517411}. Best is trial 188 with value: 0.9549805015111743.
[I 2022-05-07 19:43:32,356] Trial 236 finished with value: 0.9280425048111342 and parameters: {'eps': 1.106395570498735}. Best is trial 188 with value: 0.9549805015111743.
[I 2022-05-07 19:43:34,155] Trial 238 finished with value: 0.9553100844283609 and parameters: {'eps': 1.0353963985277574}. Best is trial 238 with value: 0.9553100844283609.
[I 2022-05-07 19:43:39,295] Trial 239 finished with value: 0.8959103563183122 and parameters: {'eps': 1.148526894634881}. Best is trial 238 with value: 0.9553100844283609.
[I 2022-05-07 19:43:47,197] Trial 237 finished with value: 0.8745379256247116 and parameters: {'eps': 1.2101703413071534}. Best is trial 238 with value: 0.9553100844283609.
[I 2022-05-07 19:43:49,217] Trial 242 finished with value: 0.9406900760095401 and parameters: {'eps': 0.8708083731138854}. Best is trial 238 with value: 0.9553100844283609.
[I 2022-05-07 19:43:50,646] Trial 240 finished with value: 0.953603778075016 and parameters: {'eps': 1.0124629141635944}. Best is trial 238 with value: 0.9553100844283609.
[I 2022-05-07 19:43:55,880] Trial 241 finished with value: 0.9536505473623939 and parameters: {'eps': 1.0004619894619986}. Best is trial 238 with value: 0.9553100844283609.
[I 2022-05-07 19:44:41,458] Trial 243 finished with value: 0.9558446063800828 and parameters: {'eps': 1.0464657419415522}. Best is trial 243 with value: 0.9558446063800828.
[I 2022-05-07 19:45:46,646] Trial 244 finished with value: 0.9487759891365459 and parameters: {'eps': 0.9500973722483537}. Best is trial 243 with value: 0.9558446063800828.
[I 2022-05-07 19:46:16,330] Trial 245 finished with value: 0.9566421831967294 and parameters: {'eps': 1.0795790790307722}. Best is trial 245 with value: 0.9566421831967294.
[I 2022-05-07 19:46:20,747] Trial 247 finished with value: 0.9487493164106199 and parameters: {'eps': 0.9358871581000956}. Best is trial 245 with value: 0.9566421831967294.
[I 2022-05-07 19:46:22,059] Trial 246 finished with value: 0.9478070331132319 and parameters: {'eps': 0.9331794639827213}. Best is trial 245 with value: 0.9566421831967294.
[I 2022-05-07 19:46:51,752] Trial 248 finished with value: 0.951859671715665 and parameters: {'eps': 0.9549525946205089}. Best is trial 245 with value: 0.9566421831967294.
[I 2022-05-07 19:47:12,350] Trial 249 finished with value: 0.9417448001961641 and parameters: {'eps': 0.8859916168905733}. Best is trial 245 with value: 0.9566421831967294.
[I 2022-05-07 19:47:46,007] Trial 250 finished with value: 0.946274188694915 and parameters: {'eps': 0.9151860787247251}. Best is trial 245 with value: 0.9566421831967294.
[I 2022-05-07 19:47:52,810] Trial 251 finished with value: 0.9444331928116405 and parameters: {'eps': 0.8992950462698102}. Best is trial 245 with value: 0.9566421831967294.
[I 2022-05-07 19:49:05,202] Trial 253 finished with value: 0.9470313837536334 and parameters: {'eps': 0.9250668013284994}. Best is trial 245 with value: 0.9566421831967294.
[I 2022-05-07 19:49:10,638] Trial 256 finished with value: 0.939874123888614 and parameters: {'eps': 0.8698235640637907}. Best is trial 245 with value: 0.9566421831967294.
[I 2022-05-07 19:49:11,725] Trial 252 finished with value: 0.95116172039349 and parameters: {'eps': 0.9520732399855553}. Best is trial 245 with value: 0.9566421831967294.
[I 2022-05-07 19:49:13,198] Trial 254 finished with value: 0.9388691664164779 and parameters: {'eps': 0.8727454057857266}. Best is trial 245 with value: 0.9566421831967294.
