Computing distance matrix for q=0.2794882486978869.
[I 2022-05-07 17:43:33,680] A new study created in RDB with name: eps_optimize_2022-05-07_174333
Created study eps_optimize_2022-05-07_174333
Optimization with 16 threads.
[I 2022-05-07 18:02:16,152] Trial 1 finished with value: 0.0 and parameters: {'eps': 10.858506761820959}. Best is trial 1 with value: 0.0.
[I 2022-05-07 18:02:19,406] Trial 8 finished with value: 2.1546658215009596e-05 and parameters: {'eps': 6.397373146208}. Best is trial 8 with value: 2.1546658215009596e-05.
[I 2022-05-07 18:02:27,190] Trial 14 finished with value: 0.0 and parameters: {'eps': 14.746299577228037}. Best is trial 8 with value: 2.1546658215009596e-05.
[I 2022-05-07 18:02:36,323] Trial 2 finished with value: 0.0 and parameters: {'eps': 14.638513824184734}. Best is trial 8 with value: 2.1546658215009596e-05.
[I 2022-05-07 18:02:57,758] Trial 11 finished with value: 0.00011592710243164324 and parameters: {'eps': 4.675483405240588}. Best is trial 11 with value: 0.00011592710243164324.
[I 2022-05-07 18:03:36,654] Trial 6 finished with value: 0.0 and parameters: {'eps': 17.50325361392153}. Best is trial 11 with value: 0.00011592710243164324.
[I 2022-05-07 18:03:37,695] Trial 4 finished with value: 0.0 and parameters: {'eps': 12.409984789418237}. Best is trial 11 with value: 0.00011592710243164324.
[I 2022-05-07 18:03:44,039] Trial 7 finished with value: 0.0001142190682103463 and parameters: {'eps': 5.196708726829844}. Best is trial 11 with value: 0.00011592710243164324.
[I 2022-05-07 18:03:44,134] Trial 3 finished with value: 0.0 and parameters: {'eps': 9.496604413896888}. Best is trial 11 with value: 0.00011592710243164324.
[I 2022-05-07 18:03:51,314] Trial 0 finished with value: 0.0 and parameters: {'eps': 9.617559967558241}. Best is trial 11 with value: 0.00011592710243164324.
[I 2022-05-07 18:04:08,829] Trial 9 finished with value: 0.00011511419918705952 and parameters: {'eps': 4.640496317160448}. Best is trial 11 with value: 0.00011592710243164324.
[I 2022-05-07 18:04:26,889] Trial 5 finished with value: 0.0 and parameters: {'eps': 14.829293784779178}. Best is trial 11 with value: 0.00011592710243164324.
[I 2022-05-07 18:04:36,262] Trial 13 finished with value: 0.00011589160329909728 and parameters: {'eps': 4.891749868578473}. Best is trial 11 with value: 0.00011592710243164324.
[I 2022-05-07 18:05:37,805] Trial 10 finished with value: 0.0014925991929327792 and parameters: {'eps': 3.2034489164109425}. Best is trial 10 with value: 0.0014925991929327792.
[I 2022-05-07 18:05:49,173] Trial 15 finished with value: 0.00019387077494671895 and parameters: {'eps': 3.975134159702783}. Best is trial 10 with value: 0.0014925991929327792.
[I 2022-05-07 18:06:19,795] Trial 12 finished with value: 0.00048321293694788707 and parameters: {'eps': 3.6036451625225627}. Best is trial 10 with value: 0.0014925991929327792.
[I 2022-05-07 18:12:47,560] Trial 17 finished with value: 0.0 and parameters: {'eps': 16.010688716447618}. Best is trial 10 with value: 0.0014925991929327792.
[I 2022-05-07 18:12:50,986] Trial 16 finished with value: 0.0 and parameters: {'eps': 13.818540909631574}. Best is trial 10 with value: 0.0014925991929327792.
[I 2022-05-07 18:12:52,690] Trial 18 finished with value: 0.0 and parameters: {'eps': 9.572257212948681}. Best is trial 10 with value: 0.0014925991929327792.
[I 2022-05-07 18:13:05,363] Trial 19 finished with value: 0.0 and parameters: {'eps': 15.445428182309868}. Best is trial 10 with value: 0.0014925991929327792.
[I 2022-05-07 18:13:12,828] Trial 20 finished with value: 0.0 and parameters: {'eps': 10.705066322228703}. Best is trial 10 with value: 0.0014925991929327792.
[I 2022-05-07 18:13:35,348] Trial 21 finished with value: 0.0 and parameters: {'eps': 16.829081896005125}. Best is trial 10 with value: 0.0014925991929327792.
[I 2022-05-07 18:13:36,167] Trial 26 finished with value: 0.4475101468497325 and parameters: {'eps': 0.6090308384725329}. Best is trial 26 with value: 0.4475101468497325.
[I 2022-05-07 18:13:37,571] Trial 25 finished with value: 0.2769110968998089 and parameters: {'eps': 0.4818566508438922}. Best is trial 26 with value: 0.4475101468497325.
[I 2022-05-07 18:13:38,611] Trial 28 finished with value: 3.5232144353831113e-06 and parameters: {'eps': 0.056252928813119496}. Best is trial 26 with value: 0.4475101468497325.
[I 2022-05-07 18:13:38,614] Trial 22 finished with value: 0.0 and parameters: {'eps': 10.882845663150118}. Best is trial 26 with value: 0.4475101468497325.
[I 2022-05-07 18:13:51,718] Trial 27 finished with value: 0.261114235228794 and parameters: {'eps': 0.4695316260702196}. Best is trial 26 with value: 0.4475101468497325.
[I 2022-05-07 18:14:07,409] Trial 31 finished with value: 0.0005029850178148816 and parameters: {'eps': 0.1446369373939973}. Best is trial 26 with value: 0.4475101468497325.
[I 2022-05-07 18:14:10,194] Trial 30 finished with value: 4.212802173028706e-06 and parameters: {'eps': 0.053891517080828955}. Best is trial 26 with value: 0.4475101468497325.
[I 2022-05-07 18:14:21,802] Trial 23 finished with value: 0.6549453579268913 and parameters: {'eps': 1.6914367110884487}. Best is trial 23 with value: 0.6549453579268913.
[I 2022-05-07 18:14:24,180] Trial 24 finished with value: 0.5677958179043333 and parameters: {'eps': 1.7341245114924653}. Best is trial 23 with value: 0.6549453579268913.
[I 2022-05-07 18:14:44,822] Trial 29 finished with value: 0.8746592157615553 and parameters: {'eps': 1.2771421091218773}. Best is trial 29 with value: 0.8746592157615553.
[I 2022-05-07 18:17:23,986] Trial 32 finished with value: 0.07785505932773751 and parameters: {'eps': 0.2892008472580998}. Best is trial 29 with value: 0.8746592157615553.
[I 2022-05-07 18:17:32,053] Trial 34 finished with value: 5.797193842907263e-05 and parameters: {'eps': 0.10455054142368914}. Best is trial 29 with value: 0.8746592157615553.
[I 2022-05-07 18:17:32,848] Trial 35 finished with value: 2.4270529680892774e-05 and parameters: {'eps': 0.08859805599542803}. Best is trial 29 with value: 0.8746592157615553.
[I 2022-05-07 18:17:39,486] Trial 33 finished with value: 0.351162399055253 and parameters: {'eps': 0.5632106659170519}. Best is trial 29 with value: 0.8746592157615553.
[I 2022-05-07 18:17:46,965] Trial 36 finished with value: 0.08545031300848956 and parameters: {'eps': 0.40411811142669807}. Best is trial 29 with value: 0.8746592157615553.
[I 2022-05-07 18:18:24,069] Trial 41 finished with value: 0.2446423678123686 and parameters: {'eps': 0.45134269865628096}. Best is trial 29 with value: 0.8746592157615553.
[I 2022-05-07 18:18:24,824] Trial 39 finished with value: 0.03684052426355118 and parameters: {'eps': 0.2075380139135513}. Best is trial 29 with value: 0.8746592157615553.
[I 2022-05-07 18:18:33,944] Trial 37 finished with value: 0.2340754901168316 and parameters: {'eps': 0.4447500837891636}. Best is trial 29 with value: 0.8746592157615553.
[I 2022-05-07 18:18:33,953] Trial 40 finished with value: 0.04317880963522665 and parameters: {'eps': 0.21287849231898193}. Best is trial 29 with value: 0.8746592157615553.
[I 2022-05-07 18:18:42,179] Trial 42 finished with value: 0.0003366565705485183 and parameters: {'eps': 0.13593547533399736}. Best is trial 29 with value: 0.8746592157615553.
[I 2022-05-07 18:18:57,886] Trial 38 finished with value: 0.9549154821495301 and parameters: {'eps': 1.0334249038479548}. Best is trial 38 with value: 0.9549154821495301.
[I 2022-05-07 18:19:31,313] Trial 43 finished with value: 0.3850575248359118 and parameters: {'eps': 1.8077316168692927}. Best is trial 38 with value: 0.9549154821495301.
[I 2022-05-07 18:19:39,943] Trial 45 finished with value: 0.139230314284179 and parameters: {'eps': 1.9843972954150924}. Best is trial 38 with value: 0.9549154821495301.
[I 2022-05-07 18:19:51,278] Trial 46 finished with value: 0.47151966136887985 and parameters: {'eps': 1.7668779095532492}. Best is trial 38 with value: 0.9549154821495301.
[I 2022-05-07 18:19:54,637] Trial 44 finished with value: 0.6834404555487811 and parameters: {'eps': 1.6591130754359753}. Best is trial 38 with value: 0.9549154821495301.
[I 2022-05-07 18:19:54,965] Trial 47 finished with value: 0.00940522404149018 and parameters: {'eps': 2.5429062809012795}. Best is trial 38 with value: 0.9549154821495301.
[I 2022-05-07 18:23:59,054] Trial 49 finished with value: 0.09991459682672252 and parameters: {'eps': 2.0353665891167063}. Best is trial 38 with value: 0.9549154821495301.
[I 2022-05-07 18:24:00,099] Trial 48 finished with value: 0.13028468403469218 and parameters: {'eps': 1.9887006760430062}. Best is trial 38 with value: 0.9549154821495301.
[I 2022-05-07 18:24:04,152] Trial 50 finished with value: 0.1273213016363494 and parameters: {'eps': 2.008268140890565}. Best is trial 38 with value: 0.9549154821495301.
[I 2022-05-07 18:24:26,449] Trial 52 finished with value: 0.049048562862155844 and parameters: {'eps': 2.132092980699204}. Best is trial 38 with value: 0.9549154821495301.
[I 2022-05-07 18:24:44,822] Trial 51 finished with value: 0.6718000248522817 and parameters: {'eps': 1.6876103523482462}. Best is trial 38 with value: 0.9549154821495301.
[I 2022-05-07 18:25:51,494] Trial 53 finished with value: 0.04648579517244455 and parameters: {'eps': 2.177055945960786}. Best is trial 38 with value: 0.9549154821495301.
[I 2022-05-07 18:25:54,193] Trial 54 finished with value: 0.04682433155245378 and parameters: {'eps': 2.194662891928883}. Best is trial 38 with value: 0.9549154821495301.
[I 2022-05-07 18:26:59,847] Trial 55 finished with value: 0.09993358628314568 and parameters: {'eps': 2.026502124098986}. Best is trial 38 with value: 0.9549154821495301.
[I 2022-05-07 18:27:22,421] Trial 57 finished with value: 0.1212068910401418 and parameters: {'eps': 1.9841193241940025}. Best is trial 38 with value: 0.9549154821495301.
[I 2022-05-07 18:27:26,293] Trial 58 finished with value: 0.04672560263831334 and parameters: {'eps': 2.169462091115022}. Best is trial 38 with value: 0.9549154821495301.
[I 2022-05-07 18:27:41,512] Trial 56 finished with value: 0.38058204173698607 and parameters: {'eps': 1.8121854704853986}. Best is trial 38 with value: 0.9549154821495301.
[I 2022-05-07 18:29:11,497] Trial 60 finished with value: 0.0 and parameters: {'eps': 7.445666463534118}. Best is trial 38 with value: 0.9549154821495301.
[I 2022-05-07 18:29:14,262] Trial 63 finished with value: 2.550360510311702e-05 and parameters: {'eps': 6.333534452460819}. Best is trial 38 with value: 0.9549154821495301.
[I 2022-05-07 18:30:02,434] Trial 61 finished with value: 0.0 and parameters: {'eps': 6.928454888790581}. Best is trial 38 with value: 0.9549154821495301.
[I 2022-05-07 18:30:09,360] Trial 59 finished with value: 0.05350471722496426 and parameters: {'eps': 2.0899032016749572}. Best is trial 38 with value: 0.9549154821495301.
[I 2022-05-07 18:30:57,011] Trial 62 finished with value: 3.3095882361389975e-05 and parameters: {'eps': 6.237861064018541}. Best is trial 38 with value: 0.9549154821495301.
[I 2022-05-07 18:38:00,814] Trial 64 finished with value: 9.165150971827478e-06 and parameters: {'eps': 6.46832890658897}. Best is trial 38 with value: 0.9549154821495301.
[I 2022-05-07 18:38:03,403] Trial 65 finished with value: 2.4736231964065674e-05 and parameters: {'eps': 6.435841236090347}. Best is trial 38 with value: 0.9549154821495301.
[I 2022-05-07 18:39:10,342] Trial 68 finished with value: 2.7969115442866905e-05 and parameters: {'eps': 6.334905701176238}. Best is trial 38 with value: 0.9549154821495301.
[I 2022-05-07 18:39:12,076] Trial 67 finished with value: 0.0 and parameters: {'eps': 7.397433750774492}. Best is trial 38 with value: 0.9549154821495301.
[I 2022-05-07 18:40:10,251] Trial 66 finished with value: 0.003129650740221127 and parameters: {'eps': 3.048963771396743}. Best is trial 38 with value: 0.9549154821495301.
[I 2022-05-07 18:41:11,285] Trial 69 finished with value: 0.0001028389731314874 and parameters: {'eps': 5.979474175038804}. Best is trial 38 with value: 0.9549154821495301.
[I 2022-05-07 18:42:18,086] Trial 70 finished with value: 0.0007773448655464236 and parameters: {'eps': 3.3464603307018477}. Best is trial 38 with value: 0.9549154821495301.
[I 2022-05-07 18:42:18,101] Trial 71 finished with value: 0.0 and parameters: {'eps': 8.077648305795513}. Best is trial 38 with value: 0.9549154821495301.
[I 2022-05-07 18:42:20,449] Trial 73 finished with value: 3.481593892146449e-05 and parameters: {'eps': 6.403351129616903}. Best is trial 38 with value: 0.9549154821495301.
[I 2022-05-07 18:42:26,649] Trial 72 finished with value: 0.0 and parameters: {'eps': 6.915468114899501}. Best is trial 38 with value: 0.9549154821495301.
[I 2022-05-07 18:42:35,213] Trial 74 finished with value: 4.3752187767689456e-05 and parameters: {'eps': 6.18411503154165}. Best is trial 38 with value: 0.9549154821495301.
[I 2022-05-07 18:43:29,617] Trial 76 finished with value: 0.0027779252245839453 and parameters: {'eps': 3.098843715192629}. Best is trial 38 with value: 0.9549154821495301.
[I 2022-05-07 18:43:30,809] Trial 75 finished with value: 0.0016863192938800131 and parameters: {'eps': 3.1576211673572}. Best is trial 38 with value: 0.9549154821495301.
[I 2022-05-07 18:43:41,048] Trial 77 finished with value: 0.0008911724061717642 and parameters: {'eps': 3.3068336923069}. Best is trial 38 with value: 0.9549154821495301.
[I 2022-05-07 18:44:03,385] Trial 78 finished with value: 0.8747478150011843 and parameters: {'eps': 1.1936998288612677}. Best is trial 38 with value: 0.9549154821495301.
[I 2022-05-07 18:44:12,780] Trial 79 finished with value: 0.0015931084963018013 and parameters: {'eps': 3.1787878969887817}. Best is trial 38 with value: 0.9549154821495301.
[I 2022-05-07 18:45:55,185] Trial 81 finished with value: 0.003238882044386352 and parameters: {'eps': 3.0566960954456945}. Best is trial 38 with value: 0.9549154821495301.
[I 2022-05-07 18:45:56,779] Trial 80 finished with value: 0.9159079928863894 and parameters: {'eps': 1.1077743076472926}. Best is trial 38 with value: 0.9549154821495301.
[I 2022-05-07 18:46:27,347] Trial 82 finished with value: 0.8789467790845085 and parameters: {'eps': 1.1638095819501986}. Best is trial 38 with value: 0.9549154821495301.
[I 2022-05-07 18:46:30,064] Trial 83 finished with value: 0.873678152240355 and parameters: {'eps': 1.2268674709719527}. Best is trial 38 with value: 0.9549154821495301.
[I 2022-05-07 18:46:48,118] Trial 84 finished with value: 0.8735596555748564 and parameters: {'eps': 1.2587219442269586}. Best is trial 38 with value: 0.9549154821495301.
[I 2022-05-07 18:47:17,059] Trial 85 finished with value: 0.8992058163326702 and parameters: {'eps': 1.14304563466975}. Best is trial 38 with value: 0.9549154821495301.
[I 2022-05-07 18:47:45,947] Trial 88 finished with value: 0.8797847632067848 and parameters: {'eps': 1.1591457546582478}. Best is trial 38 with value: 0.9549154821495301.
[I 2022-05-07 18:47:48,937] Trial 86 finished with value: 0.8731588370005761 and parameters: {'eps': 1.2174044627820135}. Best is trial 38 with value: 0.9549154821495301.
[I 2022-05-07 18:47:56,502] Trial 89 finished with value: 0.8751629414801653 and parameters: {'eps': 1.1653830414629731}. Best is trial 38 with value: 0.9549154821495301.
[I 2022-05-07 18:47:59,173] Trial 87 finished with value: 0.8740447979932449 and parameters: {'eps': 1.3102887085952368}. Best is trial 38 with value: 0.9549154821495301.
[I 2022-05-07 18:48:04,912] Trial 90 finished with value: 0.8739815431053641 and parameters: {'eps': 1.2122173391070967}. Best is trial 38 with value: 0.9549154821495301.
[I 2022-05-07 18:48:33,926] Trial 91 finished with value: 0.8805550711412532 and parameters: {'eps': 1.1781535806904575}. Best is trial 38 with value: 0.9549154821495301.
[I 2022-05-07 18:48:37,216] Trial 92 finished with value: 0.9170628424017367 and parameters: {'eps': 1.1025787131765683}. Best is trial 38 with value: 0.9549154821495301.
[I 2022-05-07 18:48:52,697] Trial 93 finished with value: 0.8740133874661007 and parameters: {'eps': 1.2694355369246262}. Best is trial 38 with value: 0.9549154821495301.
[I 2022-05-07 18:49:16,834] Trial 94 finished with value: 0.8558215909951966 and parameters: {'eps': 1.3544365697612577}. Best is trial 38 with value: 0.9549154821495301.
[I 2022-05-07 18:49:25,146] Trial 95 finished with value: 0.9479745310419729 and parameters: {'eps': 0.9305987911509862}. Best is trial 38 with value: 0.9549154821495301.
[I 2022-05-07 18:51:15,585] Trial 96 finished with value: 0.8973245206504064 and parameters: {'eps': 1.1480238187240461}. Best is trial 38 with value: 0.9549154821495301.
[I 2022-05-07 18:51:24,788] Trial 97 finished with value: 0.8733912847312817 and parameters: {'eps': 1.2394981557524858}. Best is trial 38 with value: 0.9549154821495301.
[I 2022-05-07 18:52:14,540] Trial 99 finished with value: 0.8747984727197049 and parameters: {'eps': 1.2456506292316722}. Best is trial 38 with value: 0.9549154821495301.
[I 2022-05-07 18:52:14,866] Trial 98 finished with value: 0.8757858364039898 and parameters: {'eps': 1.1795148488446607}. Best is trial 38 with value: 0.9549154821495301.
[I 2022-05-07 18:52:41,793] Trial 100 finished with value: 0.9103120763206114 and parameters: {'eps': 1.1201193010699422}. Best is trial 38 with value: 0.9549154821495301.
[I 2022-05-07 18:53:58,124] Trial 101 finished with value: 0.9141237904913843 and parameters: {'eps': 1.100283547204803}. Best is trial 38 with value: 0.9549154821495301.
[I 2022-05-07 18:54:34,268] Trial 102 finished with value: 0.9529911956972604 and parameters: {'eps': 0.9824561931506849}. Best is trial 38 with value: 0.9549154821495301.
[I 2022-05-07 18:55:11,601] Trial 104 finished with value: 0.9528617412003422 and parameters: {'eps': 0.9818859263822869}. Best is trial 38 with value: 0.9549154821495301.
[I 2022-05-07 18:55:11,639] Trial 103 finished with value: 0.8736042660124831 and parameters: {'eps': 1.2382513038629845}. Best is trial 38 with value: 0.9549154821495301.
[I 2022-05-07 18:55:31,280] Trial 105 finished with value: 0.9547078126449573 and parameters: {'eps': 1.022671061235551}. Best is trial 38 with value: 0.9549154821495301.
[I 2022-05-07 18:55:44,843] Trial 107 finished with value: 0.9521787078321821 and parameters: {'eps': 0.9748085814495517}. Best is trial 38 with value: 0.9549154821495301.
[I 2022-05-07 18:55:45,384] Trial 106 finished with value: 0.9189638245550681 and parameters: {'eps': 1.096055101082161}. Best is trial 38 with value: 0.9549154821495301.
[I 2022-05-07 18:56:06,694] Trial 108 finished with value: 0.00915192142970402 and parameters: {'eps': 2.543065425755776}. Best is trial 38 with value: 0.9549154821495301.
[I 2022-05-07 18:56:12,161] Trial 109 finished with value: 0.0001724732275432082 and parameters: {'eps': 4.167234674839551}. Best is trial 38 with value: 0.9549154821495301.
[I 2022-05-07 18:57:04,336] Trial 110 finished with value: 0.0001871368883354234 and parameters: {'eps': 4.012235548568285}. Best is trial 38 with value: 0.9549154821495301.
[I 2022-05-07 18:57:38,878] Trial 111 finished with value: 0.00019030121285314598 and parameters: {'eps': 3.9927401707771413}. Best is trial 38 with value: 0.9549154821495301.
[I 2022-05-07 18:58:42,289] Trial 112 finished with value: 0.9167233348995043 and parameters: {'eps': 0.7883075179656857}. Best is trial 38 with value: 0.9549154821495301.
[I 2022-05-07 18:58:46,423] Trial 113 finished with value: 0.00016507865590978138 and parameters: {'eps': 4.307623290720948}. Best is trial 38 with value: 0.9549154821495301.
[I 2022-05-07 18:59:53,595] Trial 114 finished with value: 0.00017240698394511918 and parameters: {'eps': 4.081320460420103}. Best is trial 38 with value: 0.9549154821495301.
[I 2022-05-07 18:59:57,869] Trial 115 finished with value: 0.00023187228305439594 and parameters: {'eps': 3.846690746709156}. Best is trial 38 with value: 0.9549154821495301.
[I 2022-05-07 19:00:16,417] Trial 116 finished with value: 0.007491703385727001 and parameters: {'eps': 2.6476663138365213}. Best is trial 38 with value: 0.9549154821495301.
[I 2022-05-07 19:00:56,612] Trial 117 finished with value: 0.9068580001371304 and parameters: {'eps': 0.7747442194180061}. Best is trial 38 with value: 0.9549154821495301.
[I 2022-05-07 19:01:31,366] Trial 118 finished with value: 0.009438873441148023 and parameters: {'eps': 2.5449233505526996}. Best is trial 38 with value: 0.9549154821495301.
[I 2022-05-07 19:01:50,387] Trial 119 finished with value: 0.854650849142389 and parameters: {'eps': 0.72400723715101}. Best is trial 38 with value: 0.9549154821495301.
[I 2022-05-07 19:02:00,891] Trial 120 finished with value: 0.008702620114675074 and parameters: {'eps': 2.592446513132799}. Best is trial 38 with value: 0.9549154821495301.
[I 2022-05-07 19:02:01,848] Trial 121 finished with value: 0.8796675730820682 and parameters: {'eps': 0.7449506909500252}. Best is trial 38 with value: 0.9549154821495301.
[I 2022-05-07 19:02:01,862] Trial 122 finished with value: 0.006558932100551218 and parameters: {'eps': 2.7118804359449697}. Best is trial 38 with value: 0.9549154821495301.
[I 2022-05-07 19:02:07,513] Trial 124 finished with value: 0.9119328742861096 and parameters: {'eps': 0.7804532173626371}. Best is trial 38 with value: 0.9549154821495301.
[I 2022-05-07 19:02:17,631] Trial 125 finished with value: 0.8949650485322255 and parameters: {'eps': 0.7618233821335463}. Best is trial 38 with value: 0.9549154821495301.
[I 2022-05-07 19:02:19,210] Trial 123 finished with value: 0.007572673434738022 and parameters: {'eps': 2.639226216099078}. Best is trial 38 with value: 0.9549154821495301.
[I 2022-05-07 19:03:03,443] Trial 126 finished with value: 0.008073832523993563 and parameters: {'eps': 2.612334213574105}. Best is trial 38 with value: 0.9549154821495301.
[I 2022-05-07 19:03:29,069] Trial 127 finished with value: 0.8443008102125821 and parameters: {'eps': 0.7215186523752306}. Best is trial 38 with value: 0.9549154821495301.
