[I 2022-05-07 20:32:46,952] Trial 386 finished with value: 0.4589473854564537 and parameters: {'eps': 0.613799726288278}. Best is trial 334 with value: 0.956711571032606.
[I 2022-05-07 20:33:10,488] Trial 384 finished with value: 0.4806868035923828 and parameters: {'eps': 1.762106753544076}. Best is trial 334 with value: 0.956711571032606.
[I 2022-05-07 20:33:15,947] Trial 385 finished with value: 0.8735847078649965 and parameters: {'eps': 1.2639566705368566}. Best is trial 334 with value: 0.956711571032606.
[I 2022-05-07 20:33:21,507] Trial 387 finished with value: 0.881291022259189 and parameters: {'eps': 1.1639978956510009}. Best is trial 334 with value: 0.956711571032606.
[I 2022-05-07 20:33:40,826] Trial 389 finished with value: 0.5611350309434308 and parameters: {'eps': 0.6392061772534667}. Best is trial 334 with value: 0.956711571032606.
[I 2022-05-07 20:34:04,793] Trial 388 finished with value: 0.2781255782171509 and parameters: {'eps': 1.831739677339111}. Best is trial 334 with value: 0.956711571032606.
[I 2022-05-07 20:34:10,361] Trial 390 finished with value: 0.5298830884630937 and parameters: {'eps': 0.6336800207448036}. Best is trial 334 with value: 0.956711571032606.
[I 2022-05-07 20:34:43,194] Trial 392 finished with value: 0.41646915962567815 and parameters: {'eps': 0.5955606997752387}. Best is trial 334 with value: 0.956711571032606.
[I 2022-05-07 20:35:04,661] Trial 391 finished with value: 0.5363738998875295 and parameters: {'eps': 0.6353310509803091}. Best is trial 334 with value: 0.956711571032606.
[I 2022-05-07 20:35:19,045] Trial 393 finished with value: 0.5602318551040406 and parameters: {'eps': 0.6389841509240572}. Best is trial 334 with value: 0.956711571032606.
[I 2022-05-07 20:36:08,042] Trial 395 finished with value: 0.5320160460516475 and parameters: {'eps': 0.6345563513641149}. Best is trial 334 with value: 0.956711571032606.
[I 2022-05-07 20:36:11,255] Trial 394 finished with value: 0.6378171697761572 and parameters: {'eps': 0.6535277411473878}. Best is trial 334 with value: 0.956711571032606.
[I 2022-05-07 20:36:33,986] Trial 396 finished with value: 0.41991172930532544 and parameters: {'eps': 0.596653604187161}. Best is trial 334 with value: 0.956711571032606.
[I 2022-05-07 20:36:54,906] Trial 397 finished with value: 0.5436328964953531 and parameters: {'eps': 0.6364819333096374}. Best is trial 334 with value: 0.956711571032606.
[I 2022-05-07 20:38:13,820] Trial 398 finished with value: 0.22957999260910938 and parameters: {'eps': 1.8634694775148541}. Best is trial 334 with value: 0.956711571032606.
[I 2022-05-07 20:38:19,086] Trial 399 finished with value: 0.0 and parameters: {'eps': 16.62142546249875}. Best is trial 334 with value: 0.956711571032606.
[I 2022-05-07 20:38:26,316] Trial 402 finished with value: 0.46148421988676597 and parameters: {'eps': 0.6147338541270708}. Best is trial 334 with value: 0.956711571032606.
[I 2022-05-07 20:38:41,376] Trial 403 finished with value: 0.48357219953800656 and parameters: {'eps': 0.6222128295177898}. Best is trial 334 with value: 0.956711571032606.
[I 2022-05-07 20:39:04,314] Trial 400 finished with value: 0.3831136219350816 and parameters: {'eps': 1.8132754991502544}. Best is trial 334 with value: 0.956711571032606.
[I 2022-05-07 20:39:05,213] Trial 404 finished with value: 0.6358978661944104 and parameters: {'eps': 0.653706914782912}. Best is trial 334 with value: 0.956711571032606.
[I 2022-05-07 20:39:12,016] Trial 401 finished with value: 0.6265254364502791 and parameters: {'eps': 0.6520291721460272}. Best is trial 334 with value: 0.956711571032606.
[I 2022-05-07 20:40:09,830] Trial 405 finished with value: 0.8976623077686411 and parameters: {'eps': 0.7632194155248395}. Best is trial 334 with value: 0.956711571032606.
[I 2022-05-07 20:40:16,550] Trial 406 finished with value: 0.34653388664346685 and parameters: {'eps': 0.5608210056470504}. Best is trial 334 with value: 0.956711571032606.
[I 2022-05-07 20:40:37,990] Trial 407 finished with value: 0.0 and parameters: {'eps': 14.899620663968468}. Best is trial 334 with value: 0.956711571032606.
[I 2022-05-07 20:42:06,695] Trial 409 finished with value: 0.951951674134969 and parameters: {'eps': 0.9677080536501397}. Best is trial 334 with value: 0.956711571032606.
[I 2022-05-07 20:42:15,048] Trial 408 finished with value: 0.9526976081197948 and parameters: {'eps': 0.9764510137598533}. Best is trial 334 with value: 0.956711571032606.
[I 2022-05-07 20:43:04,639] Trial 411 finished with value: 0.0 and parameters: {'eps': 15.123955023227522}. Best is trial 334 with value: 0.956711571032606.
[I 2022-05-07 20:43:10,334] Trial 410 finished with value: 0.9528327848159241 and parameters: {'eps': 0.998922458721512}. Best is trial 334 with value: 0.956711571032606.
[I 2022-05-07 20:43:25,787] Trial 412 finished with value: 0.9520738771484573 and parameters: {'eps': 0.9938027709930812}. Best is trial 334 with value: 0.956711571032606.
[I 2022-05-07 20:43:48,223] Trial 413 finished with value: 0.9555673930778261 and parameters: {'eps': 1.040061621206386}. Best is trial 334 with value: 0.956711571032606.
[I 2022-05-07 20:44:35,761] Trial 414 finished with value: 0.0 and parameters: {'eps': 6.987511903261594}. Best is trial 334 with value: 0.956711571032606.
[I 2022-05-07 20:45:15,562] Trial 416 finished with value: 0.9522715643479697 and parameters: {'eps': 0.9546649426635552}. Best is trial 334 with value: 0.956711571032606.
[I 2022-05-07 20:45:33,267] Trial 417 finished with value: 0.9533345767046982 and parameters: {'eps': 1.0075691149384958}. Best is trial 334 with value: 0.956711571032606.
[I 2022-05-07 20:45:38,845] Trial 419 finished with value: 0.9468583423257823 and parameters: {'eps': 0.9207715308042931}. Best is trial 334 with value: 0.956711571032606.
[I 2022-05-07 20:45:39,554] Trial 415 finished with value: 0.9536622732979615 and parameters: {'eps': 1.0092967289529915}. Best is trial 334 with value: 0.956711571032606.
[I 2022-05-07 20:45:44,410] Trial 418 finished with value: 0.0 and parameters: {'eps': 14.542502642058022}. Best is trial 334 with value: 0.956711571032606.
[I 2022-05-07 20:46:20,088] Trial 420 finished with value: 0.9540682467102022 and parameters: {'eps': 1.0197833516771495}. Best is trial 334 with value: 0.956711571032606.
[I 2022-05-07 20:46:58,265] Trial 421 finished with value: 0.9556181926217444 and parameters: {'eps': 1.0661924782660812}. Best is trial 334 with value: 0.956711571032606.
[I 2022-05-07 20:46:59,502] Trial 423 finished with value: 0.9563369808798821 and parameters: {'eps': 1.048701425493306}. Best is trial 334 with value: 0.956711571032606.
[I 2022-05-07 20:47:25,519] Trial 422 finished with value: 0.9558378162351076 and parameters: {'eps': 1.0441495918396682}. Best is trial 334 with value: 0.956711571032606.
[I 2022-05-07 20:48:46,828] Trial 424 finished with value: 0.954405349860799 and parameters: {'eps': 1.01423989245724}. Best is trial 334 with value: 0.956711571032606.
[I 2022-05-07 20:49:12,014] Trial 425 finished with value: 0.9529468460404651 and parameters: {'eps': 0.9882521785453835}. Best is trial 334 with value: 0.956711571032606.
[I 2022-05-07 20:49:17,384] Trial 427 finished with value: 0.0 and parameters: {'eps': 10.104012561027723}. Best is trial 334 with value: 0.956711571032606.
[I 2022-05-07 20:49:38,661] Trial 429 finished with value: 0.0 and parameters: {'eps': 10.000842786577802}. Best is trial 334 with value: 0.956711571032606.
[I 2022-05-07 20:49:55,274] Trial 428 finished with value: 0.9553915494479732 and parameters: {'eps': 1.0415773352567268}. Best is trial 334 with value: 0.956711571032606.
[I 2022-05-07 20:50:04,628] Trial 426 finished with value: 0.9436877857135408 and parameters: {'eps': 1.0872870804604133}. Best is trial 334 with value: 0.956711571032606.
[I 2022-05-07 20:51:03,873] Trial 430 finished with value: 0.9534542950136796 and parameters: {'eps': 1.0070645862468}. Best is trial 334 with value: 0.956711571032606.
[I 2022-05-07 20:51:24,588] Trial 431 finished with value: 0.3991642206256122 and parameters: {'eps': 1.788844340227571}. Best is trial 334 with value: 0.956711571032606.
[I 2022-05-07 20:51:33,445] Trial 432 finished with value: 0.3912125292427978 and parameters: {'eps': 1.802439560448222}. Best is trial 334 with value: 0.956711571032606.
[I 2022-05-07 20:51:36,249] Trial 435 finished with value: 0.04711911596320599 and parameters: {'eps': 2.1629682483358597}. Best is trial 334 with value: 0.956711571032606.
[I 2022-05-07 20:51:36,562] Trial 433 finished with value: 0.38229509293506525 and parameters: {'eps': 1.803667565086998}. Best is trial 334 with value: 0.956711571032606.
[I 2022-05-07 20:52:01,678] Trial 434 finished with value: 0.4183318363196071 and parameters: {'eps': 1.788590629759543}. Best is trial 334 with value: 0.956711571032606.
[I 2022-05-07 20:52:13,603] Trial 436 finished with value: 0.04627438761716538 and parameters: {'eps': 2.2074701135616843}. Best is trial 334 with value: 0.956711571032606.
[I 2022-05-07 20:52:35,446] Trial 437 finished with value: 0.00011363228986154756 and parameters: {'eps': 5.901039223370348}. Best is trial 334 with value: 0.956711571032606.
[I 2022-05-07 20:52:57,413] Trial 438 finished with value: 0.41079267368884875 and parameters: {'eps': 1.787687695341864}. Best is trial 334 with value: 0.956711571032606.
[I 2022-05-07 20:53:27,775] Trial 439 finished with value: 0.06517405693870339 and parameters: {'eps': 2.0762403831529292}. Best is trial 334 with value: 0.956711571032606.
[I 2022-05-07 20:54:42,837] Trial 440 finished with value: 0.57187954020198 and parameters: {'eps': 1.7153540068759319}. Best is trial 334 with value: 0.956711571032606.
[I 2022-05-07 20:54:50,771] Trial 442 finished with value: 0.052122211678846266 and parameters: {'eps': 2.103084276507074}. Best is trial 334 with value: 0.956711571032606.
[I 2022-05-07 20:54:58,397] Trial 441 finished with value: 0.049252359933276695 and parameters: {'eps': 2.147875078526734}. Best is trial 334 with value: 0.956711571032606.
[I 2022-05-07 20:55:21,476] Trial 443 finished with value: 0.44428213628305285 and parameters: {'eps': 1.768324812922002}. Best is trial 334 with value: 0.956711571032606.
[I 2022-05-07 20:55:35,546] Trial 444 finished with value: 0.39158747867000954 and parameters: {'eps': 1.7992121271966663}. Best is trial 334 with value: 0.956711571032606.
[I 2022-05-07 20:56:00,510] Trial 445 finished with value: 0.049417668065054904 and parameters: {'eps': 2.127006330373773}. Best is trial 334 with value: 0.956711571032606.
[I 2022-05-07 20:57:02,240] Trial 449 finished with value: 0.010789485009064683 and parameters: {'eps': 0.18523085689629815}. Best is trial 334 with value: 0.956711571032606.
[I 2022-05-07 20:57:15,454] Trial 448 finished with value: 0.00010839074649402989 and parameters: {'eps': 5.745820084516962}. Best is trial 334 with value: 0.956711571032606.
[I 2022-05-07 20:57:23,826] Trial 446 finished with value: 0.228943942198978 and parameters: {'eps': 1.8720595159852973}. Best is trial 334 with value: 0.956711571032606.
[I 2022-05-07 20:57:27,197] Trial 447 finished with value: 0.12551702896156133 and parameters: {'eps': 1.9426523401364775}. Best is trial 334 with value: 0.956711571032606.
[I 2022-05-07 20:57:45,211] Trial 451 finished with value: 0.04495675250054086 and parameters: {'eps': 0.21467777990128334}. Best is trial 334 with value: 0.956711571032606.
[I 2022-05-07 20:57:46,300] Trial 452 finished with value: 0.036094435885999566 and parameters: {'eps': 0.20615008024565928}. Best is trial 334 with value: 0.956711571032606.
[I 2022-05-07 20:57:47,562] Trial 450 finished with value: 0.6634241813699419 and parameters: {'eps': 1.6715483875573436}. Best is trial 334 with value: 0.956711571032606.
[I 2022-05-07 20:58:04,271] Trial 453 finished with value: 0.07425003823897235 and parameters: {'eps': 0.272721154953121}. Best is trial 334 with value: 0.956711571032606.
[I 2022-05-07 20:58:58,896] Trial 454 finished with value: 0.00428129950648538 and parameters: {'eps': 2.8418144391399336}. Best is trial 334 with value: 0.956711571032606.
[I 2022-05-07 20:59:59,834] Trial 455 finished with value: 0.004430897391473619 and parameters: {'eps': 2.801189186966115}. Best is trial 334 with value: 0.956711571032606.
[I 2022-05-07 21:00:17,987] Trial 456 finished with value: 0.07848916635137858 and parameters: {'eps': 0.29677613249725066}. Best is trial 334 with value: 0.956711571032606.
[I 2022-05-07 21:00:27,217] Trial 457 finished with value: 0.08212392777272648 and parameters: {'eps': 0.3348130805293257}. Best is trial 334 with value: 0.956711571032606.
[I 2022-05-07 21:00:42,395] Trial 459 finished with value: 0.06574817035253275 and parameters: {'eps': 0.24685687364547082}. Best is trial 334 with value: 0.956711571032606.
[I 2022-05-07 21:01:17,504] Trial 458 finished with value: 0.0 and parameters: {'eps': 8.814739812087543}. Best is trial 334 with value: 0.956711571032606.
[I 2022-05-07 21:01:26,596] Trial 460 finished with value: 0.0 and parameters: {'eps': 8.655504555396043}. Best is trial 334 with value: 0.956711571032606.
[I 2022-05-07 21:01:49,142] Trial 461 finished with value: 0.000500411360134948 and parameters: {'eps': 0.14475596849893324}. Best is trial 334 with value: 0.956711571032606.
[I 2022-05-07 21:02:13,440] Trial 463 finished with value: 0.07652991362312193 and parameters: {'eps': 0.2824714489887121}. Best is trial 334 with value: 0.956711571032606.
[I 2022-05-07 21:02:17,534] Trial 465 finished with value: 0.0766978362464256 and parameters: {'eps': 0.2838610387540257}. Best is trial 334 with value: 0.956711571032606.
[I 2022-05-07 21:02:17,534] Trial 462 finished with value: 0.0752451214959075 and parameters: {'eps': 0.2813654645791086}. Best is trial 334 with value: 0.956711571032606.
[I 2022-05-07 21:02:35,731] Trial 464 finished with value: 0.07203176279021177 and parameters: {'eps': 0.26252287498291593}. Best is trial 334 with value: 0.956711571032606.
[I 2022-05-07 21:03:27,502] Trial 468 finished with value: 0.8795716521723559 and parameters: {'eps': 1.1611359220505424}. Best is trial 334 with value: 0.956711571032606.
[I 2022-05-07 21:03:44,777] Trial 467 finished with value: 0.8736234710050684 and parameters: {'eps': 1.221196967898278}. Best is trial 334 with value: 0.956711571032606.
[I 2022-05-07 21:03:47,060] Trial 469 finished with value: 0.8733451959768401 and parameters: {'eps': 1.2068200565964935}. Best is trial 334 with value: 0.956711571032606.
[I 2022-05-07 21:03:47,124] Trial 466 finished with value: 0.8792885765720021 and parameters: {'eps': 1.1807859845253932}. Best is trial 334 with value: 0.956711571032606.
[I 2022-05-07 21:04:19,179] Trial 470 finished with value: 0.8777424402275729 and parameters: {'eps': 1.184741730883893}. Best is trial 334 with value: 0.956711571032606.
[I 2022-05-07 21:05:24,243] Trial 471 finished with value: 0.8804307223261951 and parameters: {'eps': 1.18171504178623}. Best is trial 334 with value: 0.956711571032606.
[I 2022-05-07 21:05:31,970] Trial 472 finished with value: 0.8738592286264845 and parameters: {'eps': 1.2243267110083114}. Best is trial 334 with value: 0.956711571032606.
[I 2022-05-07 21:05:37,577] Trial 473 finished with value: 0.8740480830373835 and parameters: {'eps': 1.2072227790109116}. Best is trial 334 with value: 0.956711571032606.
[I 2022-05-07 21:05:43,930] Trial 474 finished with value: 0.8753474123049156 and parameters: {'eps': 1.1945181209460352}. Best is trial 334 with value: 0.956711571032606.
[I 2022-05-07 21:06:24,134] Trial 476 finished with value: 0.8739006798470467 and parameters: {'eps': 1.261349775419895}. Best is trial 334 with value: 0.956711571032606.
[I 2022-05-07 21:06:31,180] Trial 475 finished with value: 0.87703695637558 and parameters: {'eps': 1.1843738255166705}. Best is trial 334 with value: 0.956711571032606.
[I 2022-05-07 21:06:59,961] Trial 477 finished with value: 0.8829312832265931 and parameters: {'eps': 1.1555334116970852}. Best is trial 334 with value: 0.956711571032606.
[I 2022-05-07 21:07:08,942] Trial 478 finished with value: 0.8753575818923791 and parameters: {'eps': 1.2017257514414923}. Best is trial 334 with value: 0.956711571032606.
[I 2022-05-07 21:07:13,638] Trial 479 finished with value: 0.8737667355282013 and parameters: {'eps': 1.2261899351291095}. Best is trial 334 with value: 0.956711571032606.
[I 2022-05-07 21:07:18,332] Trial 480 finished with value: 0.9561831973050866 and parameters: {'eps': 1.0702937828202614}. Best is trial 334 with value: 0.956711571032606.
[I 2022-05-07 21:07:36,230] Trial 481 finished with value: 0.8754854052235983 and parameters: {'eps': 1.2012834962665466}. Best is trial 334 with value: 0.956711571032606.
[I 2022-05-07 21:08:25,052] Trial 482 finished with value: 0.8747016083653767 and parameters: {'eps': 1.2122166505421803}. Best is trial 334 with value: 0.956711571032606.
[I 2022-05-07 21:08:51,132] Trial 484 finished with value: 0.793672297116084 and parameters: {'eps': 1.5236456934924512}. Best is trial 334 with value: 0.956711571032606.
[I 2022-05-07 21:08:52,129] Trial 483 finished with value: 0.876450829266833 and parameters: {'eps': 1.1730599821306287}. Best is trial 334 with value: 0.956711571032606.
[I 2022-05-07 21:09:00,109] Trial 485 finished with value: 0.7944817555885807 and parameters: {'eps': 1.4996034552854476}. Best is trial 334 with value: 0.956711571032606.
[I 2022-05-07 21:09:19,282] Trial 486 finished with value: 0.8296461755707777 and parameters: {'eps': 1.3925052945126897}. Best is trial 334 with value: 0.956711571032606.
[I 2022-05-07 21:10:43,543] Trial 487 finished with value: 0.7989597848074225 and parameters: {'eps': 1.4305249474485948}. Best is trial 334 with value: 0.956711571032606.
[I 2022-05-07 21:10:50,255] Trial 488 finished with value: 0.7961173799259464 and parameters: {'eps': 1.4527637680450167}. Best is trial 334 with value: 0.956711571032606.
[I 2022-05-07 21:10:52,789] Trial 489 finished with value: 0.7932723359703908 and parameters: {'eps': 1.5413952386404923}. Best is trial 334 with value: 0.956711571032606.
[I 2022-05-07 21:10:55,509] Trial 490 finished with value: 0.7942419114691713 and parameters: {'eps': 1.5229547190825383}. Best is trial 334 with value: 0.956711571032606.
[I 2022-05-07 21:11:48,608] Trial 491 finished with value: 0.7935431396933929 and parameters: {'eps': 1.564680449639216}. Best is trial 334 with value: 0.956711571032606.
[I 2022-05-07 21:11:49,508] Trial 492 finished with value: 0.9013898836241303 and parameters: {'eps': 0.7664107223578911}. Best is trial 334 with value: 0.956711571032606.
[I 2022-05-07 21:12:24,114] Trial 493 finished with value: 0.8455497470021213 and parameters: {'eps': 0.7209660455620281}. Best is trial 334 with value: 0.956711571032606.
[I 2022-05-07 21:12:37,444] Trial 496 finished with value: 0.9042983708929206 and parameters: {'eps': 0.7688708676520316}. Best is trial 334 with value: 0.956711571032606.
[I 2022-05-07 21:12:44,445] Trial 494 finished with value: 0.7937742550777179 and parameters: {'eps': 1.538452211190586}. Best is trial 334 with value: 0.956711571032606.
[I 2022-05-07 21:12:50,082] Trial 495 finished with value: 0.7934632830271424 and parameters: {'eps': 1.5757093693125246}. Best is trial 334 with value: 0.956711571032606.
[I 2022-05-07 21:13:34,125] Trial 498 finished with value: 0.818542231367647 and parameters: {'eps': 0.6991566261280725}. Best is trial 334 with value: 0.956711571032606.
[I 2022-05-07 21:13:34,563] Trial 497 finished with value: 0.000499782273795251 and parameters: {'eps': 3.588099215392832}. Best is trial 334 with value: 0.956711571032606.
[I 2022-05-07 21:14:07,795] Trial 499 finished with value: 0.49443627097812604 and parameters: {'eps': 0.6264048098953049}. Best is trial 334 with value: 0.956711571032606.
[I 2022-05-07 21:14:39,167] Trial 501 finished with value: 0.8422054968553612 and parameters: {'eps': 0.7166923317871053}. Best is trial 334 with value: 0.956711571032606.
[I 2022-05-07 21:14:52,959] Trial 500 finished with value: 0.9264857525553704 and parameters: {'eps': 0.8046746558643825}. Best is trial 334 with value: 0.956711571032606.
[I 2022-05-07 21:15:21,760] Trial 502 finished with value: 0.0005052897219539964 and parameters: {'eps': 3.597204069891773}. Best is trial 334 with value: 0.956711571032606.
[I 2022-05-07 21:16:41,897] Trial 504 finished with value: 0.7616117467141534 and parameters: {'eps': 0.6835988533601769}. Best is trial 334 with value: 0.956711571032606.
[I 2022-05-07 21:16:49,371] Trial 505 finished with value: 0.00010501550432889707 and parameters: {'eps': 5.008154474326424}. Best is trial 334 with value: 0.956711571032606.
[I 2022-05-07 21:16:51,826] Trial 506 finished with value: 0.9395976770978963 and parameters: {'eps': 0.8614114642027241}. Best is trial 334 with value: 0.956711571032606.
[I 2022-05-07 21:16:53,095] Trial 503 finished with value: 0.9115650026327695 and parameters: {'eps': 0.7750842825224645}. Best is trial 334 with value: 0.956711571032606.
[I 2022-05-07 21:17:22,493] Trial 507 finished with value: 0.7862362753574911 and parameters: {'eps': 0.6887231840672576}. Best is trial 334 with value: 0.956711571032606.
[I 2022-05-07 21:17:57,842] Trial 508 finished with value: 0.8446255396608245 and parameters: {'eps': 0.7202675696128271}. Best is trial 334 with value: 0.956711571032606.
[I 2022-05-07 21:18:08,474] Trial 511 finished with value: 0.7613874926565045 and parameters: {'eps': 0.68322121759371}. Best is trial 334 with value: 0.956711571032606.
[I 2022-05-07 21:18:26,803] Trial 510 finished with value: 0.8971567364512532 and parameters: {'eps': 0.7641766177553889}. Best is trial 334 with value: 0.956711571032606.
[I 2022-05-07 21:18:31,511] Trial 509 finished with value: 0.8972468216577877 and parameters: {'eps': 0.7644088296849809}. Best is trial 334 with value: 0.956711571032606.
